{"level":30,"time":"2025-03-23 02:42:22","pid":false,"msg":"Connected to MongoDB"}
{"level":30,"time":"2025-03-23 02:42:22","pid":false,"msg":"Server is listening on port 5001"}
{"level":30,"time":"2025-03-23 02:43:21","pid":false,"msg":"GET / {}"}
{"level":30,"time":"2025-03-23 02:43:22","pid":false,"msg":"GET /favicon.ico {}"}
{"level":30,"time":"2025-03-23 02:43:40","pid":false,"msg":"GET / {}"}
{"level":30,"time":"2025-03-23 02:43:40","pid":false,"msg":"GET /favicon.ico {}"}
{"level":30,"time":"2025-03-23 02:43:59","pid":false,"msg":"GET / {}"}
{"level":30,"time":"2025-03-23 02:43:59","pid":false,"msg":"GET /favicon.ico {}"}
{"level":30,"time":"2025-03-23 02:44:15","pid":false,"msg":"GET / {}"}
{"level":30,"time":"2025-03-23 02:44:15","pid":false,"msg":"GET /favicon.ico {}"}
{"level":30,"time":"2025-03-23 02:44:35","pid":false,"msg":"GET / {}"}
{"level":30,"time":"2025-03-23 02:44:35","pid":false,"msg":"GET /favicon.ico {}"}
{"level":30,"time":"2025-03-23 02:44:37","pid":false,"msg":"GET / {}"}
{"level":30,"time":"2025-03-23 02:44:37","pid":false,"msg":"GET /favicon.ico {}"}
{"level":30,"time":"2025-03-23 02:44:53","pid":false,"msg":"Connected to MongoDB"}
{"level":30,"time":"2025-03-23 02:44:53","pid":false,"msg":"Server is listening on port 5001"}
{"level":30,"time":"2025-03-23 02:44:53","pid":false,"msg":"GET / {}"}
{"level":30,"time":"2025-03-23 02:44:53","pid":false,"msg":"GET /favicon.ico {}"}
{"level":30,"time":"2025-03-23 02:44:59","pid":false,"msg":"Connected to MongoDB"}
{"level":30,"time":"2025-03-23 02:44:59","pid":false,"msg":"Server is listening on port 5001"}
{"level":30,"time":"2025-03-23 02:45:09","pid":false,"msg":"Connected to MongoDB"}
{"level":30,"time":"2025-03-23 02:45:09","pid":false,"msg":"Server is listening on port 5001"}
{"level":30,"time":"2025-03-23 02:45:10","pid":false,"msg":"GET / {}"}
{"level":30,"time":"2025-03-23 02:45:10","pid":false,"msg":"GET /favicon.ico {}"}
{"level":30,"time":"2025-03-23 02:45:19","pid":false,"msg":"GET / {}"}
{"level":30,"time":"2025-03-23 02:45:19","pid":false,"msg":"GET /favicon.ico {}"}
{"level":30,"time":"2025-03-23 02:45:20","pid":false,"msg":"Connected to MongoDB"}
{"level":30,"time":"2025-03-23 02:45:20","pid":false,"msg":"Server is listening on port 5001"}
{"level":30,"time":"2025-03-23 02:45:30","pid":false,"msg":"Connected to MongoDB"}
{"level":30,"time":"2025-03-23 02:45:30","pid":false,"msg":"Server is listening on port 5001"}
{"level":30,"time":"2025-03-23 02:45:31","pid":false,"msg":"GET / {}"}
{"level":30,"time":"2025-03-23 02:45:31","pid":false,"msg":"GET /favicon.ico {}"}
{"level":30,"time":"2025-03-23 03:15:42","pid":false,"msg":"Connected to MongoDB"}
{"level":30,"time":"2025-03-23 03:15:42","pid":false,"msg":"Server is listening on port 5001"}
{"level":30,"time":"2025-03-23 03:16:05","pid":false,"msg":"GET /api/get-me {}"}
{"level":30,"time":"2025-03-23 03:16:07","pid":false,"msg":"GET /api/get-me {}"}
{"level":30,"time":"2025-03-23 03:16:13","pid":false,"msg":"GET /api/get-me {}"}
{"level":30,"time":"2025-03-23 03:16:13","pid":false,"msg":"GET /api/get-me {}"}
{"level":30,"time":"2025-03-23 03:16:13","pid":false,"msg":"GET /api/get-me {}"}
{"level":30,"time":"2025-03-23 03:16:13","pid":false,"msg":"GET /api/get-me {}"}
{"level":30,"time":"2025-03-23 03:16:13","pid":false,"msg":"GET /api/get-me {}"}
{"level":30,"time":"2025-03-23 03:16:13","pid":false,"msg":"GET /api/get-me {}"}
{"level":30,"time":"2025-03-23 03:16:13","pid":false,"msg":"GET /api/get-workspace/67df5212f4abe155c0971b3d {}"}
{"level":30,"time":"2025-03-23 03:16:13","pid":false,"msg":"GET /api/get-workspace/67df5212f4abe155c0971b3d {}"}
{"level":30,"time":"2025-03-23 03:16:13","pid":false,"msg":"GET /api/get-workspace/67df51c9f4abe155c0971ac5 {}"}
{"level":30,"time":"2025-03-23 03:16:13","pid":false,"msg":"GET /api/get-workspace/67df51c9f4abe155c0971ac5 {}"}
{"level":30,"time":"2025-03-23 03:16:14","pid":false,"msg":"GET /api/get-projects?workspace=67df51c9f4abe155c0971ac5 {}"}
{"level":30,"time":"2025-03-23 03:16:14","pid":false,"msg":"GET /api/get-workspaces {}"}
{"level":30,"time":"2025-03-23 03:16:14","pid":false,"msg":"GET /api/get-members?workspace=67df51c9f4abe155c0971ac5 {}"}
{"level":30,"time":"2025-03-23 03:16:14","pid":false,"msg":"GET /api/get-notifications {}"}
{"level":30,"time":"2025-03-23 03:16:15","pid":false,"msg":"GET /api/get-workspaces {}"}
{"level":30,"time":"2025-03-23 03:16:15","pid":false,"msg":"GET /api/get-projects?workspace=67df5212f4abe155c0971b3d {}"}
{"level":30,"time":"2025-03-23 03:16:15","pid":false,"msg":"GET /api/get-workspaces-analytics/67df5212f4abe155c0971b3d {}"}
{"level":30,"time":"2025-03-23 03:16:15","pid":false,"msg":"GET /api/get-notifications {}"}
{"level":30,"time":"2025-03-23 03:16:17","pid":false,"msg":"GET /api/search-accounts-by-email/67df51c9f4abe155c0971ac5?search= {}"}
{"level":50,"time":"2025-03-23 03:16:17","pid":false,"msg":"Search is required"}
{"level":30,"time":"2025-03-23 03:16:18","pid":false,"msg":"GET /api/search-accounts-by-email/67df51c9f4abe155c0971ac5?search= {}"}
{"level":50,"time":"2025-03-23 03:16:18","pid":false,"msg":"Search is required"}
{"level":30,"time":"2025-03-23 03:16:24","pid":false,"msg":"GET /api/search-accounts-by-email/67df51c9f4abe155c0971ac5?search=m {}"}
{"level":30,"time":"2025-03-23 03:16:24","pid":false,"msg":"GET /api/search-accounts-by-email/67df51c9f4abe155c0971ac5?search=me {}"}
{"level":30,"time":"2025-03-23 03:16:24","pid":false,"msg":"GET /api/search-accounts-by-email/67df51c9f4abe155c0971ac5?search=mer {}"}
{"level":30,"time":"2025-03-23 03:16:25","pid":false,"msg":"GET /api/search-accounts-by-email/67df51c9f4abe155c0971ac5?search=mert {}"}
{"level":30,"time":"2025-03-23 03:16:26","pid":false,"msg":"GET /api/search-accounts-by-email/67df51c9f4abe155c0971ac5?search=mert.izgahii@gmail.com {}"}
{"level":30,"time":"2025-03-23 03:16:31","pid":false,"msg":"POST /api/create-invite {\"email\":\"mert.izgahii@gmail.com\",\"role\":\"member\",\"workspaceId\":\"67df51c9f4abe155c0971ac5\",\"projectId\":\"67df51c9f4abe155c0971ac7\"}"}
{"level":50,"time":"2025-03-23 03:16:33","pid":false,"msg":"Bad Request"}
{"level":30,"time":"2025-03-23 03:17:02","pid":false,"msg":"GET /api/get-workspaces {}"}
{"level":30,"time":"2025-03-23 03:17:02","pid":false,"msg":"GET /api/get-projects?workspace=67df5212f4abe155c0971b3d {}"}
{"level":30,"time":"2025-03-23 03:17:02","pid":false,"msg":"GET /api/get-notifications {}"}
{"level":30,"time":"2025-03-23 03:17:02","pid":false,"msg":"GET /api/get-workspaces-analytics/67df5212f4abe155c0971b3d {}"}
{"level":30,"time":"2025-03-23 03:17:02","pid":false,"msg":"GET /api/get-me {}"}
{"level":30,"time":"2025-03-23 03:17:05","pid":false,"msg":"GET /api/get-me {}"}
{"level":30,"time":"2025-03-23 03:17:05","pid":false,"msg":"GET /api/get-workspaces {}"}
{"level":30,"time":"2025-03-23 03:17:05","pid":false,"msg":"GET /api/get-projects?workspace=67df5212f4abe155c0971b3d {}"}
{"level":30,"time":"2025-03-23 03:17:05","pid":false,"msg":"GET /api/get-notifications {}"}
{"level":30,"time":"2025-03-23 03:17:05","pid":false,"msg":"GET /api/get-workspaces-analytics/67df5212f4abe155c0971b3d {}"}
{"level":30,"time":"2025-03-23 03:17:05","pid":false,"msg":"GET /api/get-workspaces {}"}
{"level":30,"time":"2025-03-23 03:17:05","pid":false,"msg":"GET /api/get-projects?workspace=67df51c9f4abe155c0971ac5 {}"}
{"level":30,"time":"2025-03-23 03:17:05","pid":false,"msg":"GET /api/get-notifications {}"}
{"level":30,"time":"2025-03-23 03:17:05","pid":false,"msg":"GET /api/get-members?workspace=67df51c9f4abe155c0971ac5 {}"}
{"level":30,"time":"2025-03-23 03:17:05","pid":false,"msg":"GET /api/get-me {}"}
{"level":30,"time":"2025-03-23 03:17:05","pid":false,"msg":"GET /api/search-accounts-by-email/67df51c9f4abe155c0971ac5?search=mert.izgahii@gmail.com {}"}
{"level":30,"time":"2025-03-23 03:17:06","pid":false,"msg":"GET /api/get-me {}"}
{"level":30,"time":"2025-03-23 03:17:06","pid":false,"msg":"GET /api/get-me {}"}
{"level":30,"time":"2025-03-23 03:17:07","pid":false,"msg":"GET /api/get-me {}"}
{"level":30,"time":"2025-03-23 03:17:07","pid":false,"msg":"GET /api/get-me {}"}
{"level":30,"time":"2025-03-23 03:17:07","pid":false,"msg":"GET /api/get-me {}"}
{"level":30,"time":"2025-03-23 03:17:07","pid":false,"msg":"GET /api/get-me {}"}
{"level":30,"time":"2025-03-23 03:17:07","pid":false,"msg":"GET /api/get-me {}"}
{"level":30,"time":"2025-03-23 03:17:07","pid":false,"msg":"GET /api/get-me {}"}
{"level":30,"time":"2025-03-23 03:17:08","pid":false,"msg":"GET /api/get-me {}"}
{"level":30,"time":"2025-03-23 03:17:51","pid":false,"msg":"Connected to MongoDB"}
{"level":30,"time":"2025-03-23 03:17:51","pid":false,"msg":"Server is listening on port 5001"}
{"level":30,"time":"2025-03-23 03:17:54","pid":false,"msg":"Connected to MongoDB"}
{"level":30,"time":"2025-03-23 03:17:54","pid":false,"msg":"Server is listening on port 5001"}
{"level":30,"time":"2025-03-23 03:17:57","pid":false,"msg":"GET /api/get-workspaces {}"}
{"level":30,"time":"2025-03-23 03:17:57","pid":false,"msg":"GET /api/get-projects?workspace=67df5212f4abe155c0971b3d {}"}
{"level":30,"time":"2025-03-23 03:17:57","pid":false,"msg":"GET /api/get-notifications {}"}
{"level":30,"time":"2025-03-23 03:17:57","pid":false,"msg":"GET /api/get-workspaces-analytics/67df5212f4abe155c0971b3d {}"}
{"level":30,"time":"2025-03-23 03:17:57","pid":false,"msg":"GET /api/get-me {}"}
{"level":30,"time":"2025-03-23 03:17:57","pid":false,"msg":"GET /api/get-me {}"}
{"level":30,"time":"2025-03-23 03:17:58","pid":false,"msg":"GET /api/get-me {}"}
{"level":30,"time":"2025-03-23 03:17:58","pid":false,"msg":"GET /api/get-me {}"}
{"level":30,"time":"2025-03-23 03:17:59","pid":false,"msg":"GET /api/get-me {}"}
{"level":30,"time":"2025-03-23 03:17:59","pid":false,"msg":"GET /api/get-workspaces {}"}
{"level":30,"time":"2025-03-23 03:17:59","pid":false,"msg":"GET /api/get-projects?workspace=67df51c9f4abe155c0971ac5 {}"}
{"level":30,"time":"2025-03-23 03:17:59","pid":false,"msg":"GET /api/get-notifications {}"}
{"level":30,"time":"2025-03-23 03:17:59","pid":false,"msg":"GET /api/get-members?workspace=67df51c9f4abe155c0971ac5 {}"}
{"level":30,"time":"2025-03-23 03:17:59","pid":false,"msg":"GET /api/search-accounts-by-email/67df51c9f4abe155c0971ac5?search=mert.izgahii@gmail.com {}"}
{"level":30,"time":"2025-03-23 03:17:59","pid":false,"msg":"GET /api/get-me {}"}
{"level":30,"time":"2025-03-23 03:18:00","pid":false,"msg":"GET /api/get-me {}"}
{"level":30,"time":"2025-03-23 03:18:00","pid":false,"msg":"GET /api/get-me {}"}
{"level":30,"time":"2025-03-23 03:18:01","pid":false,"msg":"POST /api/create-invite {\"email\":\"mert.izgahii@gmail.com\",\"role\":\"member\",\"workspaceId\":\"67df51c9f4abe155c0971ac5\",\"projectId\":\"67df51c9f4abe155c0971ac7\"}"}
{"level":50,"time":"2025-03-23 03:18:03","pid":false,"msg":"Error sending email:"}
{"level":30,"time":"2025-03-23 03:18:03","pid":false,"msg":"GET /api/search-accounts-by-email/67df51c9f4abe155c0971ac5?search= {}"}
{"level":50,"time":"2025-03-23 03:18:03","pid":false,"msg":"Search is required"}
{"level":30,"time":"2025-03-23 03:18:04","pid":false,"msg":"GET /api/search-accounts-by-email/67df51c9f4abe155c0971ac5?search= {}"}
{"level":50,"time":"2025-03-23 03:18:04","pid":false,"msg":"Search is required"}
{"level":30,"time":"2025-03-23 03:19:10","pid":false,"msg":"Connected to MongoDB"}
{"level":30,"time":"2025-03-23 03:19:10","pid":false,"msg":"Server is listening on port 5001"}
{"level":30,"time":"2025-03-23 03:19:13","pid":false,"msg":"GET /api/search-accounts-by-email/67df51c9f4abe155c0971ac5?search=m {}"}
{"level":30,"time":"2025-03-23 03:19:13","pid":false,"msg":"GET /api/search-accounts-by-email/67df51c9f4abe155c0971ac5?search=me {}"}
{"level":30,"time":"2025-03-23 03:19:13","pid":false,"msg":"GET /api/search-accounts-by-email/67df51c9f4abe155c0971ac5?search=mert.izgahii@gmail.com {}"}
{"level":30,"time":"2025-03-23 03:19:18","pid":false,"msg":"POST /api/create-invite {\"email\":\"mert.izgahii@gmail.com\",\"role\":\"member\",\"workspaceId\":\"67df51c9f4abe155c0971ac5\",\"projectId\":\"67df51c9f4abe155c0971ac7\"}"}
{"level":50,"time":"2025-03-23 03:19:19","pid":false,"msg":"Error sending email:"}
{"level":30,"time":"2025-03-23 03:19:19","pid":false,"msg":"GET /api/search-accounts-by-email/67df51c9f4abe155c0971ac5?search= {}"}
{"level":30,"time":"2025-03-23 03:19:32","pid":false,"msg":"Connected to MongoDB"}
{"level":30,"time":"2025-03-23 03:19:32","pid":false,"msg":"Server is listening on port 5001"}
{"level":30,"time":"2025-03-23 03:19:33","pid":false,"msg":"GET /api/get-workspaces {}"}
{"level":30,"time":"2025-03-23 03:19:33","pid":false,"msg":"GET /api/get-projects?workspace=67df51c9f4abe155c0971ac5 {}"}
{"level":30,"time":"2025-03-23 03:19:33","pid":false,"msg":"GET /api/get-notifications {}"}
{"level":30,"time":"2025-03-23 03:19:33","pid":false,"msg":"GET /api/get-members?workspace=67df51c9f4abe155c0971ac5 {}"}
{"level":30,"time":"2025-03-23 03:19:33","pid":false,"msg":"GET /api/search-accounts-by-email/67df51c9f4abe155c0971ac5?search= {}"}
{"level":30,"time":"2025-03-23 03:19:33","pid":false,"msg":"GET /api/get-me {}"}
{"level":30,"time":"2025-03-23 03:19:33","pid":false,"msg":"GET /api/get-me {}"}
{"level":30,"time":"2025-03-23 03:19:33","pid":false,"msg":"GET /api/get-workspaces {}"}
{"level":30,"time":"2025-03-23 03:19:33","pid":false,"msg":"GET /api/get-workspaces-analytics/67df5212f4abe155c0971b3d {}"}
{"level":30,"time":"2025-03-23 03:19:33","pid":false,"msg":"GET /api/get-projects?workspace=67df5212f4abe155c0971b3d {}"}
{"level":30,"time":"2025-03-23 03:19:33","pid":false,"msg":"GET /api/get-notifications {}"}
{"level":30,"time":"2025-03-23 03:19:35","pid":false,"msg":"GET /api/get-me {}"}
{"level":30,"time":"2025-03-23 03:19:35","pid":false,"msg":"GET /api/get-me {}"}
{"level":30,"time":"2025-03-23 03:19:35","pid":false,"msg":"GET /api/get-me {}"}
{"level":30,"time":"2025-03-23 03:19:35","pid":false,"msg":"GET /api/get-me {}"}
{"level":30,"time":"2025-03-23 03:19:35","pid":false,"msg":"GET /api/get-me {}"}
{"level":30,"time":"2025-03-23 03:19:35","pid":false,"msg":"GET /api/get-me {}"}
{"level":30,"time":"2025-03-23 03:19:37","pid":false,"msg":"GET /api/search-accounts-by-email/67df51c9f4abe155c0971ac5?search=mert.izgahii@gmail.com {}"}
{"level":30,"time":"2025-03-23 03:19:41","pid":false,"msg":"POST /api/create-invite {\"email\":\"mert.izgahii@gmail.com\",\"role\":\"member\",\"workspaceId\":\"67df51c9f4abe155c0971ac5\",\"projectId\":\"67df51c9f4abe155c0971ac7\"}"}
{"level":50,"time":"2025-03-23 03:19:43","pid":false,"msg":"Error sending email:"}
{"level":30,"time":"2025-03-23 03:19:43","pid":false,"msg":"GET /api/search-accounts-by-email/67df51c9f4abe155c0971ac5?search= {}"}
{"level":30,"time":"2025-03-23 03:19:57","pid":false,"msg":"GET /api/get-workspaces {}"}
{"level":30,"time":"2025-03-23 03:19:57","pid":false,"msg":"GET /api/get-projects?workspace=67df5212f4abe155c0971b3d {}"}
{"level":30,"time":"2025-03-23 03:19:57","pid":false,"msg":"GET /api/get-notifications {}"}
{"level":30,"time":"2025-03-23 03:19:57","pid":false,"msg":"GET /api/get-workspaces-analytics/67df5212f4abe155c0971b3d {}"}
{"level":30,"time":"2025-03-23 03:19:57","pid":false,"msg":"GET /api/get-me {}"}
{"level":30,"time":"2025-03-23 03:19:57","pid":false,"msg":"GET /api/get-me {}"}
{"level":30,"time":"2025-03-23 03:19:57","pid":false,"msg":"GET /api/get-me {}"}
{"level":30,"time":"2025-03-23 03:19:57","pid":false,"msg":"GET /api/get-me {}"}
{"level":30,"time":"2025-03-23 03:20:26","pid":false,"msg":"Connected to MongoDB"}
{"level":30,"time":"2025-03-23 03:20:26","pid":false,"msg":"Server is listening on port 5001"}
{"level":30,"time":"2025-03-23 03:28:12","pid":false,"msg":"Connected to MongoDB"}
{"level":30,"time":"2025-03-23 03:28:12","pid":false,"msg":"Server is listening on port 5001"}
{"level":30,"time":"2025-03-23 03:28:27","pid":false,"msg":"POST /api/callback {\"email\":\"mert.izgahi.93@gmail.com\",\"firstName\":\"Mert\",\"lastName\":\"izgahi\",\"imageUrl\":\"https://lh3.googleusercontent.com/a/ACg8ocKSXv01f9cDF5GG_i_BzWKHFhwtR7IRzlyfpm8GY_wVY_P4t0c=s96-c\",\"provider\":\"google\"}"}
{"level":30,"time":"2025-03-23 03:28:27","pid":false,"msg":"GET /api/get-me {}"}
{"level":30,"time":"2025-03-23 03:28:31","pid":false,"msg":"GET /api/get-me {}"}
{"level":30,"time":"2025-03-23 03:28:31","pid":false,"msg":"GET /api/get-me {}"}
{"level":30,"time":"2025-03-23 03:28:31","pid":false,"msg":"GET /api/get-workspaces {}"}
{"level":30,"time":"2025-03-23 03:28:31","pid":false,"msg":"GET /api/get-workspace/67df51c9f4abe155c0971ac5 {}"}
{"level":30,"time":"2025-03-23 03:28:34","pid":false,"msg":"GET /api/get-me {}"}
{"level":30,"time":"2025-03-23 03:28:34","pid":false,"msg":"GET /api/get-me {}"}
{"level":30,"time":"2025-03-23 03:28:35","pid":false,"msg":"GET /api/get-me {}"}
{"level":30,"time":"2025-03-23 03:28:35","pid":false,"msg":"GET /api/get-me {}"}
{"level":30,"time":"2025-03-23 03:28:35","pid":false,"msg":"GET /api/get-me {}"}
{"level":30,"time":"2025-03-23 03:28:35","pid":false,"msg":"GET /api/get-me {}"}
{"level":30,"time":"2025-03-23 03:28:35","pid":false,"msg":"GET /api/get-workspace/67df51c9f4abe155c0971ac5 {}"}
{"level":30,"time":"2025-03-23 03:28:35","pid":false,"msg":"GET /api/get-workspace/67df51c9f4abe155c0971ac5 {}"}
{"level":30,"time":"2025-03-23 03:28:35","pid":false,"msg":"GET /api/get-workspace/67df51c9f4abe155c0971ac5 {}"}
{"level":30,"time":"2025-03-23 03:28:35","pid":false,"msg":"GET /api/get-workspace/67df51c9f4abe155c0971ac5 {}"}
{"level":30,"time":"2025-03-23 03:28:37","pid":false,"msg":"GET /api/get-workspaces {}"}
{"level":30,"time":"2025-03-23 03:28:37","pid":false,"msg":"GET /api/get-projects?workspace=67df51c9f4abe155c0971ac5 {}"}
{"level":30,"time":"2025-03-23 03:28:37","pid":false,"msg":"GET /api/get-notifications {}"}
{"level":30,"time":"2025-03-23 03:28:37","pid":false,"msg":"GET /api/get-workspaces-analytics/67df51c9f4abe155c0971ac5 {}"}
{"level":30,"time":"2025-03-23 03:28:39","pid":false,"msg":"GET /api/get-workspaces {}"}
{"level":30,"time":"2025-03-23 03:28:39","pid":false,"msg":"GET /api/get-notifications {}"}
{"level":30,"time":"2025-03-23 03:28:39","pid":false,"msg":"GET /api/get-me {}"}
{"level":30,"time":"2025-03-23 03:28:41","pid":false,"msg":"GET /api/get-me {}"}
{"level":30,"time":"2025-03-23 03:28:42","pid":false,"msg":"GET /api/get-me {}"}
{"level":30,"time":"2025-03-23 03:28:42","pid":false,"msg":"GET /api/get-me {}"}
{"level":30,"time":"2025-03-23 03:28:43","pid":false,"msg":"GET /api/get-me {}"}
{"level":30,"time":"2025-03-23 03:28:43","pid":false,"msg":"GET /api/get-me {}"}
{"level":30,"time":"2025-03-23 03:28:43","pid":false,"msg":"GET /api/get-workspace/67df51c9f4abe155c0971ac5 {}"}
{"level":30,"time":"2025-03-23 03:28:44","pid":false,"msg":"POST /api/callback {\"email\":\"mert.izgahii@gmail.com\",\"firstName\":\"Mert\",\"lastName\":\"Izgahi\",\"imageUrl\":\"https://lh3.googleusercontent.com/a/ACg8ocL1qw3K5k9qbF1VA3Q1uegin2UsfZpSpvKiD8bU5AzbzP07Sw=s96-c\",\"provider\":\"google\"}"}
{"level":30,"time":"2025-03-23 03:28:44","pid":false,"msg":"GET /api/get-members?workspace=67df51c9f4abe155c0971ac5 {}"}
{"level":30,"time":"2025-03-23 03:28:44","pid":false,"msg":"GET /api/get-me {}"}
{"level":30,"time":"2025-03-23 03:28:45","pid":false,"msg":"GET /api/get-me {}"}
{"level":30,"time":"2025-03-23 03:28:45","pid":false,"msg":"GET /api/get-me {}"}
{"level":30,"time":"2025-03-23 03:28:45","pid":false,"msg":"GET /api/get-workspaces {}"}
{"level":30,"time":"2025-03-23 03:28:45","pid":false,"msg":"GET /api/get-workspace/67df5212f4abe155c0971b3d {}"}
{"level":30,"time":"2025-03-23 03:28:46","pid":false,"msg":"GET /api/get-me {}"}
{"level":30,"time":"2025-03-23 03:28:46","pid":false,"msg":"GET /api/search-accounts-by-email/67df51c9f4abe155c0971ac5?search= {}"}
{"level":30,"time":"2025-03-23 03:28:46","pid":false,"msg":"GET /api/get-me {}"}
{"level":30,"time":"2025-03-23 03:28:46","pid":false,"msg":"GET /api/get-me {}"}
{"level":30,"time":"2025-03-23 03:28:46","pid":false,"msg":"GET /api/get-me {}"}
{"level":30,"time":"2025-03-23 03:28:46","pid":false,"msg":"GET /api/get-workspace/67df5212f4abe155c0971b3d {}"}
{"level":30,"time":"2025-03-23 03:28:46","pid":false,"msg":"GET /api/get-workspace/67df5212f4abe155c0971b3d {}"}
{"level":30,"time":"2025-03-23 03:28:47","pid":false,"msg":"GET /api/get-me {}"}
{"level":30,"time":"2025-03-23 03:28:47","pid":false,"msg":"GET /api/get-me {}"}
{"level":30,"time":"2025-03-23 03:28:47","pid":false,"msg":"GET /api/get-workspace/67df5212f4abe155c0971b3d {}"}
{"level":30,"time":"2025-03-23 03:28:47","pid":false,"msg":"GET /api/get-workspace/67df5212f4abe155c0971b3d {}"}
{"level":30,"time":"2025-03-23 03:28:47","pid":false,"msg":"GET /api/get-workspaces {}"}
{"level":30,"time":"2025-03-23 03:28:47","pid":false,"msg":"GET /api/get-projects?workspace=67df5212f4abe155c0971b3d {}"}
{"level":30,"time":"2025-03-23 03:28:47","pid":false,"msg":"GET /api/get-notifications {}"}
{"level":30,"time":"2025-03-23 03:28:47","pid":false,"msg":"GET /api/get-workspaces-analytics/67df5212f4abe155c0971b3d {}"}
{"level":30,"time":"2025-03-23 03:28:49","pid":false,"msg":"GET /api/search-accounts-by-email/67df51c9f4abe155c0971ac5?search=mert.izgahii@gmail.com {}"}
{"level":30,"time":"2025-03-23 03:28:55","pid":false,"msg":"POST /api/create-invite {\"email\":\"mert.izgahii@gmail.com\",\"role\":\"member\",\"workspaceId\":\"67df51c9f4abe155c0971ac5\",\"projectId\":\"67df51c9f4abe155c0971ac7\"}"}
{"level":50,"time":"2025-03-23 03:28:56","pid":false,"msg":"Error sending email:"}
{"level":30,"time":"2025-03-23 03:28:56","pid":false,"msg":"GET /api/search-accounts-by-email/67df51c9f4abe155c0971ac5?search= {}"}
{"level":30,"time":"2025-03-23 03:29:01","pid":false,"msg":"GET /api/get-workspaces {}"}
{"level":30,"time":"2025-03-23 03:29:01","pid":false,"msg":"GET /api/get-projects?workspace=67df5212f4abe155c0971b3d {}"}
{"level":30,"time":"2025-03-23 03:29:01","pid":false,"msg":"GET /api/get-notifications {}"}
{"level":30,"time":"2025-03-23 03:29:01","pid":false,"msg":"GET /api/get-workspaces-analytics/67df5212f4abe155c0971b3d {}"}
{"level":30,"time":"2025-03-23 03:29:01","pid":false,"msg":"GET /api/get-me {}"}
{"level":30,"time":"2025-03-23 03:29:01","pid":false,"msg":"GET /api/get-me {}"}
{"level":30,"time":"2025-03-23 03:29:02","pid":false,"msg":"GET /api/get-me {}"}
{"level":30,"time":"2025-03-23 03:29:02","pid":false,"msg":"GET /api/get-me {}"}
{"level":30,"time":"2025-03-23 03:30:19","pid":false,"msg":"GET /api/get-workspaces {}"}
{"level":30,"time":"2025-03-23 03:30:19","pid":false,"msg":"GET /api/get-projects?workspace=67df51c9f4abe155c0971ac5 {}"}
{"level":30,"time":"2025-03-23 03:30:19","pid":false,"msg":"GET /api/get-notifications {}"}
{"level":30,"time":"2025-03-23 03:30:19","pid":false,"msg":"GET /api/get-members?workspace=67df51c9f4abe155c0971ac5 {}"}
{"level":30,"time":"2025-03-23 03:30:19","pid":false,"msg":"GET /api/search-accounts-by-email/67df51c9f4abe155c0971ac5?search= {}"}
{"level":30,"time":"2025-03-23 03:30:19","pid":false,"msg":"GET /api/get-workspaces {}"}
{"level":30,"time":"2025-03-23 03:30:19","pid":false,"msg":"GET /api/get-projects?workspace=67df5212f4abe155c0971b3d {}"}
{"level":30,"time":"2025-03-23 03:30:19","pid":false,"msg":"GET /api/get-workspaces-analytics/67df5212f4abe155c0971b3d {}"}
{"level":30,"time":"2025-03-23 03:30:19","pid":false,"msg":"GET /api/get-notifications {}"}
{"level":30,"time":"2025-03-23 03:30:19","pid":false,"msg":"GET /api/get-me {}"}
{"level":30,"time":"2025-03-23 03:30:19","pid":false,"msg":"GET /api/get-me {}"}
{"level":30,"time":"2025-03-23 03:30:20","pid":false,"msg":"GET /api/get-me {}"}
{"level":30,"time":"2025-03-23 03:30:20","pid":false,"msg":"GET /api/get-me {}"}
{"level":30,"time":"2025-03-23 03:30:21","pid":false,"msg":"GET /api/get-me {}"}
{"level":30,"time":"2025-03-23 03:30:21","pid":false,"msg":"GET /api/get-me {}"}
{"level":30,"time":"2025-03-23 03:30:21","pid":false,"msg":"GET /api/get-me {}"}
{"level":30,"time":"2025-03-23 03:30:21","pid":false,"msg":"GET /api/get-me {}"}
{"level":30,"time":"2025-03-23 03:31:09","pid":false,"msg":"GET /api/get-workspaces {}"}
{"level":30,"time":"2025-03-23 03:31:09","pid":false,"msg":"GET /api/get-projects?workspace=67df5212f4abe155c0971b3d {}"}
{"level":30,"time":"2025-03-23 03:31:09","pid":false,"msg":"GET /api/get-notifications {}"}
{"level":30,"time":"2025-03-23 03:31:09","pid":false,"msg":"GET /api/get-workspaces-analytics/67df5212f4abe155c0971b3d {}"}
{"level":30,"time":"2025-03-23 03:31:09","pid":false,"msg":"GET /api/get-me {}"}
{"level":30,"time":"2025-03-23 03:31:10","pid":false,"msg":"GET /api/get-me {}"}
{"level":30,"time":"2025-03-23 03:31:10","pid":false,"msg":"GET /api/get-me {}"}
{"level":30,"time":"2025-03-23 03:31:10","pid":false,"msg":"GET /api/get-me {}"}
{"level":30,"time":"2025-03-23 03:31:15","pid":false,"msg":"GET /api/get-workspaces {}"}
{"level":30,"time":"2025-03-23 03:31:15","pid":false,"msg":"GET /api/get-me {}"}
{"level":30,"time":"2025-03-23 03:31:15","pid":false,"msg":"GET /api/get-projects?workspace=67df51c9f4abe155c0971ac5 {}"}
{"level":30,"time":"2025-03-23 03:31:15","pid":false,"msg":"GET /api/get-notifications {}"}
{"level":30,"time":"2025-03-23 03:31:15","pid":false,"msg":"GET /api/get-members?workspace=67df51c9f4abe155c0971ac5 {}"}
{"level":30,"time":"2025-03-23 03:31:15","pid":false,"msg":"GET /api/get-me {}"}
{"level":30,"time":"2025-03-23 03:31:15","pid":false,"msg":"GET /api/get-me {}"}
{"level":30,"time":"2025-03-23 03:31:15","pid":false,"msg":"GET /api/get-me {}"}
{"level":30,"time":"2025-03-23 03:32:57","pid":false,"msg":"Connected to MongoDB"}
{"level":30,"time":"2025-03-23 03:32:57","pid":false,"msg":"Server is listening on port 5001"}
{"level":30,"time":"2025-03-23 03:33:23","pid":false,"msg":"GET /api/get-workspaces {}"}
{"level":30,"time":"2025-03-23 03:33:23","pid":false,"msg":"GET /api/get-projects?workspace=67df5212f4abe155c0971b3d {}"}
{"level":30,"time":"2025-03-23 03:33:23","pid":false,"msg":"GET /api/get-notifications {}"}
{"level":30,"time":"2025-03-23 03:33:23","pid":false,"msg":"GET /api/get-workspaces-analytics/67df5212f4abe155c0971b3d {}"}
{"level":30,"time":"2025-03-23 03:33:24","pid":false,"msg":"GET /api/get-me {}"}
{"level":30,"time":"2025-03-23 03:33:24","pid":false,"msg":"GET /api/get-me {}"}
{"level":30,"time":"2025-03-23 03:33:24","pid":false,"msg":"GET /api/get-workspaces {}"}
{"level":30,"time":"2025-03-23 03:33:24","pid":false,"msg":"GET /api/get-projects?workspace=67df51c9f4abe155c0971ac5 {}"}
{"level":30,"time":"2025-03-23 03:33:24","pid":false,"msg":"GET /api/get-members?workspace=67df51c9f4abe155c0971ac5 {}"}
{"level":30,"time":"2025-03-23 03:33:24","pid":false,"msg":"GET /api/get-notifications {}"}
{"level":30,"time":"2025-03-23 03:33:24","pid":false,"msg":"GET /api/get-me {}"}
{"level":30,"time":"2025-03-23 03:33:25","pid":false,"msg":"GET /api/get-me {}"}
{"level":30,"time":"2025-03-23 03:33:25","pid":false,"msg":"GET /api/get-me {}"}
{"level":30,"time":"2025-03-23 03:33:25","pid":false,"msg":"GET /api/get-me {}"}
{"level":30,"time":"2025-03-23 03:33:25","pid":false,"msg":"GET /api/get-me {}"}
{"level":30,"time":"2025-03-23 03:33:25","pid":false,"msg":"GET /api/get-me {}"}
{"level":30,"time":"2025-03-23 03:33:26","pid":false,"msg":"GET /api/search-accounts-by-email/67df51c9f4abe155c0971ac5?search= {}"}
{"level":30,"time":"2025-03-23 03:33:29","pid":false,"msg":"GET /api/search-accounts-by-email/67df51c9f4abe155c0971ac5?search=mert.izgahii@gmail.com {}"}
{"level":30,"time":"2025-03-23 03:33:32","pid":false,"msg":"POST /api/create-invite {\"email\":\"mert.izgahii@gmail.com\",\"role\":\"member\",\"workspaceId\":\"67df51c9f4abe155c0971ac5\",\"projectId\":\"67df51c9f4abe155c0971ac7\"}"}
{"level":50,"time":"2025-03-23 03:33:36","pid":false,"msg":"Error sending email to mert.izgahii@gmail.com: Error: Data command failed: 421 Domain sandbox0654390828ef42f2bee5169462ab79d3.mailgun.org is not allowed to send: Free accounts are for test purposes only. Please upgrade or add the address to authorized recipients in Account Settings."}
{"level":30,"time":"2025-03-23 03:33:36","pid":false,"msg":"GET /api/search-accounts-by-email/67df51c9f4abe155c0971ac5?search= {}"}
{"level":30,"time":"2025-03-23 03:35:03","pid":false,"msg":"Connected to MongoDB"}
{"level":30,"time":"2025-03-23 03:35:03","pid":false,"msg":"Server is listening on port 5001"}
{"level":30,"time":"2025-03-23 03:35:07","pid":false,"msg":"GET /api/search-accounts-by-email/67df51c9f4abe155c0971ac5?search=mert.izgahii@gmail.com {}"}
{"level":30,"time":"2025-03-23 03:35:10","pid":false,"msg":"POST /api/create-invite {\"email\":\"mert.izgahii@gmail.com\",\"role\":\"member\",\"workspaceId\":\"67df51c9f4abe155c0971ac5\",\"projectId\":\"67df51c9f4abe155c0971ac7\"}"}
{"level":50,"time":"2025-03-23 03:35:12","pid":false,"msg":"Error sending email:"}
{"level":30,"time":"2025-03-23 03:35:12","pid":false,"msg":"GET /api/search-accounts-by-email/67df51c9f4abe155c0971ac5?search= {}"}
{"level":30,"time":"2025-03-23 03:35:25","pid":false,"msg":"GET /api/get-workspaces {}"}
{"level":30,"time":"2025-03-23 03:35:25","pid":false,"msg":"GET /api/get-workspaces-analytics/67df5212f4abe155c0971b3d {}"}
{"level":30,"time":"2025-03-23 03:35:25","pid":false,"msg":"GET /api/get-projects?workspace=67df5212f4abe155c0971b3d {}"}
{"level":30,"time":"2025-03-23 03:35:25","pid":false,"msg":"GET /api/get-notifications {}"}
{"level":30,"time":"2025-03-23 03:35:25","pid":false,"msg":"GET /api/get-me {}"}
{"level":30,"time":"2025-03-23 03:35:25","pid":false,"msg":"GET /api/get-me {}"}
{"level":30,"time":"2025-03-23 03:35:25","pid":false,"msg":"GET /api/get-me {}"}
{"level":30,"time":"2025-03-23 03:35:26","pid":false,"msg":"GET /api/get-me {}"}
{"level":30,"time":"2025-03-23 03:37:43","pid":false,"msg":"GET /api/get-workspaces {}"}
{"level":30,"time":"2025-03-23 03:37:43","pid":false,"msg":"GET /api/get-workspaces-analytics/67df5212f4abe155c0971b3d {}"}
{"level":30,"time":"2025-03-23 03:37:43","pid":false,"msg":"GET /api/get-projects?workspace=67df5212f4abe155c0971b3d {}"}
{"level":30,"time":"2025-03-23 03:37:43","pid":false,"msg":"GET /api/get-notifications {}"}
{"level":30,"time":"2025-03-23 03:37:43","pid":false,"msg":"GET /api/get-me {}"}
{"level":30,"time":"2025-03-23 03:37:44","pid":false,"msg":"GET /api/get-me {}"}
{"level":30,"time":"2025-03-23 03:37:45","pid":false,"msg":"GET /api/get-me {}"}
{"level":30,"time":"2025-03-23 03:37:45","pid":false,"msg":"GET /api/get-me {}"}
{"level":30,"time":"2025-03-23 03:38:08","pid":false,"msg":"GET /api/get-workspaces {}"}
{"level":30,"time":"2025-03-23 03:38:09","pid":false,"msg":"GET /api/get-projects?workspace=67df5212f4abe155c0971b3d {}"}
{"level":30,"time":"2025-03-23 03:38:09","pid":false,"msg":"GET /api/get-notifications {}"}
{"level":30,"time":"2025-03-23 03:38:09","pid":false,"msg":"GET /api/get-workspaces-analytics/67df5212f4abe155c0971b3d {}"}
{"level":30,"time":"2025-03-23 03:38:09","pid":false,"msg":"GET /api/get-me {}"}
{"level":30,"time":"2025-03-23 03:38:09","pid":false,"msg":"GET /api/get-me {}"}
{"level":30,"time":"2025-03-23 03:38:09","pid":false,"msg":"GET /api/get-me {}"}
{"level":30,"time":"2025-03-23 03:38:10","pid":false,"msg":"GET /api/get-me {}"}
{"level":30,"time":"2025-03-23 03:38:26","pid":false,"msg":"GET /api/get-workspaces {}"}
{"level":30,"time":"2025-03-23 03:38:26","pid":false,"msg":"GET /api/get-projects?workspace=67df5212f4abe155c0971b3d {}"}
{"level":30,"time":"2025-03-23 03:38:26","pid":false,"msg":"GET /api/get-notifications {}"}
{"level":30,"time":"2025-03-23 03:38:26","pid":false,"msg":"GET /api/get-workspaces-analytics/67df5212f4abe155c0971b3d {}"}
{"level":30,"time":"2025-03-23 03:38:26","pid":false,"msg":"GET /api/get-me {}"}
{"level":30,"time":"2025-03-23 03:38:26","pid":false,"msg":"GET /api/get-me {}"}
{"level":30,"time":"2025-03-23 03:38:26","pid":false,"msg":"GET /api/get-me {}"}
{"level":30,"time":"2025-03-23 03:38:26","pid":false,"msg":"GET /api/get-me {}"}
{"level":30,"time":"2025-03-23 03:39:21","pid":false,"msg":"GET /api/get-projects?workspace=67df5212f4abe155c0971b3d {}"}
{"level":30,"time":"2025-03-23 03:39:21","pid":false,"msg":"GET /api/get-workspaces {}"}
{"level":30,"time":"2025-03-23 03:39:21","pid":false,"msg":"GET /api/get-notifications {}"}
{"level":30,"time":"2025-03-23 03:39:21","pid":false,"msg":"GET /api/get-workspaces-analytics/67df5212f4abe155c0971b3d {}"}
{"level":30,"time":"2025-03-23 03:39:21","pid":false,"msg":"GET /api/get-me {}"}
{"level":30,"time":"2025-03-23 03:39:21","pid":false,"msg":"GET /api/get-me {}"}
{"level":30,"time":"2025-03-23 03:39:21","pid":false,"msg":"GET /api/get-me {}"}
{"level":30,"time":"2025-03-23 03:39:22","pid":false,"msg":"GET /api/get-me {}"}
{"level":30,"time":"2025-03-23 03:39:42","pid":false,"msg":"GET /api/get-workspaces {}"}
{"level":30,"time":"2025-03-23 03:39:42","pid":false,"msg":"GET /api/get-projects?workspace=67df5212f4abe155c0971b3d {}"}
{"level":30,"time":"2025-03-23 03:39:42","pid":false,"msg":"GET /api/get-notifications {}"}
{"level":30,"time":"2025-03-23 03:39:42","pid":false,"msg":"GET /api/get-workspaces-analytics/67df5212f4abe155c0971b3d {}"}
{"level":30,"time":"2025-03-23 03:39:42","pid":false,"msg":"GET /api/get-me {}"}
{"level":30,"time":"2025-03-23 03:39:42","pid":false,"msg":"GET /api/get-me {}"}
{"level":30,"time":"2025-03-23 03:39:43","pid":false,"msg":"GET /api/get-me {}"}
{"level":30,"time":"2025-03-23 03:39:43","pid":false,"msg":"GET /api/get-me {}"}
{"level":30,"time":"2025-03-23 03:42:09","pid":false,"msg":"Connected to MongoDB"}
{"level":30,"time":"2025-03-23 03:42:09","pid":false,"msg":"Server is listening on port 5001"}
{"level":30,"time":"2025-03-23 03:45:32","pid":false,"msg":"GET /api/get-workspaces {}"}
{"level":30,"time":"2025-03-23 03:45:32","pid":false,"msg":"GET /api/get-projects?workspace=67df5212f4abe155c0971b3d {}"}
{"level":30,"time":"2025-03-23 03:45:32","pid":false,"msg":"GET /api/get-notifications {}"}
{"level":30,"time":"2025-03-23 03:45:32","pid":false,"msg":"GET /api/get-workspaces-analytics/67df5212f4abe155c0971b3d {}"}
{"level":30,"time":"2025-03-23 03:45:32","pid":false,"msg":"GET /api/get-me {}"}
{"level":30,"time":"2025-03-23 03:45:33","pid":false,"msg":"Connected to MongoDB"}
{"level":30,"time":"2025-03-23 03:45:33","pid":false,"msg":"Server is listening on port 5001"}
{"level":30,"time":"2025-03-23 03:45:33","pid":false,"msg":"GET /api/get-me {}"}
{"level":30,"time":"2025-03-23 03:45:34","pid":false,"msg":"GET /api/get-me {}"}
{"level":30,"time":"2025-03-23 03:45:34","pid":false,"msg":"GET /api/get-me {}"}
{"level":30,"time":"2025-03-23 03:45:35","pid":false,"msg":"GET /api/get-workspaces {}"}
{"level":30,"time":"2025-03-23 03:45:35","pid":false,"msg":"GET /api/get-me {}"}
{"level":30,"time":"2025-03-23 03:45:35","pid":false,"msg":"GET /api/get-notifications {}"}
{"level":30,"time":"2025-03-23 03:45:35","pid":false,"msg":"GET /api/get-members?workspace=67df51c9f4abe155c0971ac5 {}"}
{"level":30,"time":"2025-03-23 03:45:35","pid":false,"msg":"GET /api/get-projects?workspace=67df51c9f4abe155c0971ac5 {}"}
{"level":30,"time":"2025-03-23 03:45:35","pid":false,"msg":"GET /api/search-accounts-by-email/67df51c9f4abe155c0971ac5?search= {}"}
{"level":30,"time":"2025-03-23 03:45:36","pid":false,"msg":"GET /api/get-me {}"}
{"level":30,"time":"2025-03-23 03:45:36","pid":false,"msg":"GET /api/get-me {}"}
{"level":30,"time":"2025-03-23 03:45:36","pid":false,"msg":"GET /api/get-me {}"}
{"level":30,"time":"2025-03-23 03:45:36","pid":false,"msg":"GET /api/search-accounts-by-email/67df51c9f4abe155c0971ac5?search=mert.izgahii@gmail.com {}"}
{"level":30,"time":"2025-03-23 03:45:41","pid":false,"msg":"POST /api/create-invite {\"email\":\"mert.izgahii@gmail.com\",\"role\":\"member\",\"workspaceId\":\"67df51c9f4abe155c0971ac5\",\"projectId\":\"67df51c9f4abe155c0971ac7\"}"}
{"level":50,"time":"2025-03-23 03:45:44","pid":false,"msg":"Error sending email to mert.izgahii@gmail.com: Error: Mail command failed: 550 5.7.1 Sending from domain  is not allowed"}
{"level":30,"time":"2025-03-23 03:45:44","pid":false,"msg":"GET /api/search-accounts-by-email/67df51c9f4abe155c0971ac5?search= {}"}
{"level":30,"time":"2025-03-23 03:46:26","pid":false,"msg":"GET /api/get-workspaces {}"}
{"level":30,"time":"2025-03-23 03:46:26","pid":false,"msg":"GET /api/get-workspaces {}"}
{"level":30,"time":"2025-03-23 03:46:26","pid":false,"msg":"GET /api/get-projects?workspace=67df5212f4abe155c0971b3d {}"}
{"level":30,"time":"2025-03-23 03:46:26","pid":false,"msg":"GET /api/get-notifications {}"}
{"level":30,"time":"2025-03-23 03:46:26","pid":false,"msg":"GET /api/get-workspaces-analytics/67df5212f4abe155c0971b3d {}"}
{"level":30,"time":"2025-03-23 03:46:26","pid":false,"msg":"GET /api/get-projects?workspace=67df51c9f4abe155c0971ac5 {}"}
{"level":30,"time":"2025-03-23 03:46:26","pid":false,"msg":"GET /api/get-notifications {}"}
{"level":30,"time":"2025-03-23 03:46:26","pid":false,"msg":"GET /api/get-members?workspace=67df51c9f4abe155c0971ac5 {}"}
{"level":30,"time":"2025-03-23 03:46:26","pid":false,"msg":"GET /api/search-accounts-by-email/67df51c9f4abe155c0971ac5?search= {}"}
{"level":30,"time":"2025-03-23 03:46:26","pid":false,"msg":"GET /api/get-me {}"}
{"level":30,"time":"2025-03-23 03:46:26","pid":false,"msg":"GET /api/get-me {}"}
{"level":30,"time":"2025-03-23 03:46:27","pid":false,"msg":"GET /api/get-me {}"}
{"level":30,"time":"2025-03-23 03:46:27","pid":false,"msg":"GET /api/get-me {}"}
{"level":30,"time":"2025-03-23 03:46:27","pid":false,"msg":"GET /api/get-me {}"}
{"level":30,"time":"2025-03-23 03:46:27","pid":false,"msg":"GET /api/get-me {}"}
{"level":30,"time":"2025-03-23 03:46:27","pid":false,"msg":"GET /api/get-me {}"}
{"level":30,"time":"2025-03-23 03:46:27","pid":false,"msg":"GET /api/get-me {}"}
{"level":30,"time":"2025-03-23 03:47:11","pid":false,"msg":"GET /api/get-workspaces {}"}
{"level":30,"time":"2025-03-23 03:47:11","pid":false,"msg":"GET /api/get-projects?workspace=67df5212f4abe155c0971b3d {}"}
{"level":30,"time":"2025-03-23 03:47:11","pid":false,"msg":"GET /api/get-notifications {}"}
{"level":30,"time":"2025-03-23 03:47:11","pid":false,"msg":"GET /api/get-workspaces-analytics/67df5212f4abe155c0971b3d {}"}
{"level":30,"time":"2025-03-23 03:47:11","pid":false,"msg":"GET /api/get-me {}"}
{"level":30,"time":"2025-03-23 03:47:12","pid":false,"msg":"GET /api/get-me {}"}
{"level":30,"time":"2025-03-23 03:47:12","pid":false,"msg":"GET /api/get-me {}"}
{"level":30,"time":"2025-03-23 03:47:12","pid":false,"msg":"GET /api/get-me {}"}
{"level":30,"time":"2025-03-23 03:51:52","pid":false,"msg":"GET /api/get-workspaces {}"}
{"level":30,"time":"2025-03-23 03:51:52","pid":false,"msg":"GET /api/get-projects?workspace=67df5212f4abe155c0971b3d {}"}
{"level":30,"time":"2025-03-23 03:51:52","pid":false,"msg":"GET /api/get-workspaces-analytics/67df5212f4abe155c0971b3d {}"}
{"level":30,"time":"2025-03-23 03:51:52","pid":false,"msg":"GET /api/get-notifications {}"}
{"level":30,"time":"2025-03-23 03:51:52","pid":false,"msg":"GET /api/get-me {}"}
{"level":30,"time":"2025-03-23 03:51:53","pid":false,"msg":"GET /api/get-me {}"}
{"level":30,"time":"2025-03-23 03:51:53","pid":false,"msg":"GET /api/get-me {}"}
{"level":30,"time":"2025-03-23 03:51:54","pid":false,"msg":"GET /api/get-me {}"}
{"level":30,"time":"2025-03-23 03:51:55","pid":false,"msg":"GET /api/get-me {}"}
{"level":30,"time":"2025-03-23 03:51:55","pid":false,"msg":"GET /api/get-workspaces {}"}
{"level":30,"time":"2025-03-23 03:51:55","pid":false,"msg":"GET /api/get-projects?workspace=67df51c9f4abe155c0971ac5 {}"}
{"level":30,"time":"2025-03-23 03:51:55","pid":false,"msg":"GET /api/get-notifications {}"}
{"level":30,"time":"2025-03-23 03:51:55","pid":false,"msg":"GET /api/get-members?workspace=67df51c9f4abe155c0971ac5 {}"}
{"level":30,"time":"2025-03-23 03:51:55","pid":false,"msg":"GET /api/search-accounts-by-email/67df51c9f4abe155c0971ac5?search= {}"}
{"level":30,"time":"2025-03-23 03:51:55","pid":false,"msg":"GET /api/get-me {}"}
{"level":30,"time":"2025-03-23 03:51:55","pid":false,"msg":"GET /api/get-me {}"}
{"level":30,"time":"2025-03-23 03:51:55","pid":false,"msg":"GET /api/get-me {}"}
{"level":30,"time":"2025-03-23 03:51:56","pid":false,"msg":"GET /api/search-accounts-by-email/67df51c9f4abe155c0971ac5?search=mert.izgahii@gmail.com {}"}
{"level":30,"time":"2025-03-23 03:52:03","pid":false,"msg":"POST /api/create-invite {\"email\":\"mert.izgahii@gmail.com\",\"role\":\"member\",\"workspaceId\":\"67df51c9f4abe155c0971ac5\",\"projectId\":\"67df51c9f4abe155c0971ac7\"}"}
{"level":50,"time":"2025-03-23 03:52:05","pid":false,"msg":"Error sending email to mert.izgahii@gmail.com: Error: Invalid login: 535 5.7.8 Authentication failed"}
{"level":30,"time":"2025-03-23 03:52:06","pid":false,"msg":"GET /api/search-accounts-by-email/67df51c9f4abe155c0971ac5?search= {}"}
{"level":30,"time":"2025-03-23 03:52:19","pid":false,"msg":"Connected to MongoDB"}
{"level":30,"time":"2025-03-23 03:52:19","pid":false,"msg":"Server is listening on port 5001"}
{"level":30,"time":"2025-03-23 03:52:31","pid":false,"msg":"GET /api/search-accounts-by-email/67df51c9f4abe155c0971ac5?search=mert.izgahii@gmail.com {}"}
{"level":30,"time":"2025-03-23 03:52:33","pid":false,"msg":"POST /api/create-invite {\"email\":\"mert.izgahii@gmail.com\",\"role\":\"member\",\"workspaceId\":\"67df51c9f4abe155c0971ac5\",\"projectId\":\"67df51c9f4abe155c0971ac7\"}"}
{"level":30,"time":"2025-03-23 03:52:37","pid":false,"msg":"Email sent to mert.izgahii@gmail.com"}
{"level":30,"time":"2025-03-23 03:52:37","pid":false,"msg":"GET /api/search-accounts-by-email/67df51c9f4abe155c0971ac5?search= {}"}
{"level":30,"time":"2025-03-23 03:52:41","pid":false,"msg":"GET /api/get-workspaces {}"}
{"level":30,"time":"2025-03-23 03:52:41","pid":false,"msg":"GET /api/get-projects?workspace=67df5212f4abe155c0971b3d {}"}
{"level":30,"time":"2025-03-23 03:52:41","pid":false,"msg":"GET /api/get-notifications {}"}
{"level":30,"time":"2025-03-23 03:52:41","pid":false,"msg":"GET /api/get-workspaces-analytics/67df5212f4abe155c0971b3d {}"}
{"level":30,"time":"2025-03-23 03:52:41","pid":false,"msg":"GET /api/get-me {}"}
{"level":30,"time":"2025-03-23 03:52:41","pid":false,"msg":"GET /api/get-me {}"}
{"level":30,"time":"2025-03-23 03:52:41","pid":false,"msg":"GET /api/get-me {}"}
{"level":30,"time":"2025-03-23 03:52:42","pid":false,"msg":"GET /api/get-me {}"}
{"level":30,"time":"2025-03-23 03:54:27","pid":false,"msg":"Connected to MongoDB"}
{"level":30,"time":"2025-03-23 03:54:27","pid":false,"msg":"Server is listening on port 5001"}
{"level":30,"time":"2025-03-23 03:55:23","pid":false,"msg":"Connected to MongoDB"}
{"level":30,"time":"2025-03-23 03:55:23","pid":false,"msg":"Server is listening on port 5001"}
{"level":30,"time":"2025-03-23 03:55:30","pid":false,"msg":"Connected to MongoDB"}
{"level":30,"time":"2025-03-23 03:55:30","pid":false,"msg":"Server is listening on port 5001"}
{"level":30,"time":"2025-03-23 03:55:34","pid":false,"msg":"GET /api/get-workspaces {}"}
{"level":30,"time":"2025-03-23 03:55:34","pid":false,"msg":"GET /api/get-workspaces-analytics/67df5212f4abe155c0971b3d {}"}
{"level":30,"time":"2025-03-23 03:55:34","pid":false,"msg":"GET /api/get-notifications {}"}
{"level":30,"time":"2025-03-23 03:55:34","pid":false,"msg":"GET /api/get-projects?workspace=67df5212f4abe155c0971b3d {}"}
{"level":30,"time":"2025-03-23 03:55:35","pid":false,"msg":"GET /api/get-me {}"}
{"level":30,"time":"2025-03-23 03:55:35","pid":false,"msg":"GET /api/get-me {}"}
{"level":30,"time":"2025-03-23 03:55:36","pid":false,"msg":"GET /api/get-me {}"}
{"level":30,"time":"2025-03-23 03:55:37","pid":false,"msg":"GET /api/get-me {}"}
{"level":30,"time":"2025-03-23 03:55:38","pid":false,"msg":"GET /api/get-me {}"}
{"level":30,"time":"2025-03-23 03:55:38","pid":false,"msg":"GET /api/get-workspaces {}"}
{"level":30,"time":"2025-03-23 03:55:38","pid":false,"msg":"GET /api/get-projects?workspace=67df51c9f4abe155c0971ac5 {}"}
{"level":30,"time":"2025-03-23 03:55:38","pid":false,"msg":"GET /api/get-notifications {}"}
{"level":30,"time":"2025-03-23 03:55:38","pid":false,"msg":"GET /api/get-members?workspace=67df51c9f4abe155c0971ac5 {}"}
{"level":30,"time":"2025-03-23 03:55:38","pid":false,"msg":"GET /api/search-accounts-by-email/67df51c9f4abe155c0971ac5?search= {}"}
{"level":30,"time":"2025-03-23 03:55:39","pid":false,"msg":"GET /api/get-me {}"}
{"level":30,"time":"2025-03-23 03:55:41","pid":false,"msg":"GET /api/search-accounts-by-email/67df51c9f4abe155c0971ac5?search=mert.izgahii@gmail.com {}"}
{"level":30,"time":"2025-03-23 03:55:41","pid":false,"msg":"GET /api/get-me {}"}
{"level":30,"time":"2025-03-23 03:55:44","pid":false,"msg":"POST /api/create-invite {\"email\":\"mert.izgahii@gmail.com\",\"role\":\"member\",\"workspaceId\":\"67df51c9f4abe155c0971ac5\",\"projectId\":\"67df51c9f4abe155c0971ac7\"}"}
{"level":30,"time":"2025-03-23 03:55:44","pid":false,"msg":"GET /api/get-me {}"}
{"level":50,"time":"2025-03-23 03:55:46","pid":false,"msg":"Error sending email to mert.izgahii@gmail.com: Error: Invalid login: 534-5.7.9 Application-specific password required. For more information, go to\n534 5.7.9  https://support.google.com/mail/?p=InvalidSecondFactor 5b1f17b1804b1-43d4fd187fasm71853445e9.14 - gsmtp"}
{"level":30,"time":"2025-03-23 03:55:46","pid":false,"msg":"GET /api/search-accounts-by-email/67df51c9f4abe155c0971ac5?search= {}"}
{"level":30,"time":"2025-03-23 03:56:02","pid":false,"msg":"Connected to MongoDB"}
{"level":30,"time":"2025-03-23 03:56:02","pid":false,"msg":"Server is listening on port 5001"}
{"level":30,"time":"2025-03-23 03:56:15","pid":false,"msg":"GET /api/search-accounts-by-email/67df51c9f4abe155c0971ac5?search=mert.izgahii@gmail.com {}"}
{"level":30,"time":"2025-03-23 03:56:19","pid":false,"msg":"POST /api/create-invite {\"email\":\"mert.izgahii@gmail.com\",\"role\":\"member\",\"workspaceId\":\"67df51c9f4abe155c0971ac5\",\"projectId\":\"67df51c9f4abe155c0971ac7\"}"}
{"level":50,"time":"2025-03-23 03:56:20","pid":false,"msg":"Error sending email to mert.izgahii@gmail.com: Error: Invalid login: 534-5.7.9 Application-specific password required. For more information, go to\n534 5.7.9  https://support.google.com/mail/?p=InvalidSecondFactor 5b1f17b1804b1-43d4fceae03sm74072615e9.8 - gsmtp"}
{"level":30,"time":"2025-03-23 03:56:20","pid":false,"msg":"GET /api/search-accounts-by-email/67df51c9f4abe155c0971ac5?search= {}"}
{"level":30,"time":"2025-03-23 03:56:29","pid":false,"msg":"GET /api/get-workspaces {}"}
{"level":30,"time":"2025-03-23 03:56:29","pid":false,"msg":"GET /api/get-projects?workspace=67df5212f4abe155c0971b3d {}"}
{"level":30,"time":"2025-03-23 03:56:29","pid":false,"msg":"GET /api/get-workspaces-analytics/67df5212f4abe155c0971b3d {}"}
{"level":30,"time":"2025-03-23 03:56:29","pid":false,"msg":"GET /api/get-notifications {}"}
{"level":30,"time":"2025-03-23 03:56:29","pid":false,"msg":"GET /api/get-me {}"}
{"level":30,"time":"2025-03-23 03:56:30","pid":false,"msg":"GET /api/get-me {}"}
{"level":30,"time":"2025-03-23 03:56:31","pid":false,"msg":"GET /api/get-me {}"}
{"level":30,"time":"2025-03-23 03:56:31","pid":false,"msg":"GET /api/get-me {}"}
{"level":30,"time":"2025-03-23 03:58:23","pid":false,"msg":"Connected to MongoDB"}
{"level":30,"time":"2025-03-23 03:58:23","pid":false,"msg":"Server is listening on port 5001"}
{"level":30,"time":"2025-03-23 03:58:31","pid":false,"msg":"GET /api/get-workspaces {}"}
{"level":30,"time":"2025-03-23 03:58:31","pid":false,"msg":"GET /api/get-projects?workspace=67df5212f4abe155c0971b3d {}"}
{"level":30,"time":"2025-03-23 03:58:31","pid":false,"msg":"GET /api/get-notifications {}"}
{"level":30,"time":"2025-03-23 03:58:31","pid":false,"msg":"GET /api/get-workspaces-analytics/67df5212f4abe155c0971b3d {}"}
{"level":30,"time":"2025-03-23 03:58:32","pid":false,"msg":"GET /api/get-me {}"}
{"level":30,"time":"2025-03-23 03:58:32","pid":false,"msg":"GET /api/get-me {}"}
{"level":30,"time":"2025-03-23 03:58:33","pid":false,"msg":"GET /api/get-me {}"}
{"level":30,"time":"2025-03-23 03:58:33","pid":false,"msg":"GET /api/get-me {}"}
{"level":30,"time":"2025-03-23 03:58:35","pid":false,"msg":"GET /api/get-workspaces {}"}
{"level":30,"time":"2025-03-23 03:58:35","pid":false,"msg":"GET /api/get-me {}"}
{"level":30,"time":"2025-03-23 03:58:35","pid":false,"msg":"GET /api/get-members?workspace=67df51c9f4abe155c0971ac5 {}"}
{"level":30,"time":"2025-03-23 03:58:35","pid":false,"msg":"GET /api/get-notifications {}"}
{"level":30,"time":"2025-03-23 03:58:35","pid":false,"msg":"GET /api/get-projects?workspace=67df51c9f4abe155c0971ac5 {}"}
{"level":30,"time":"2025-03-23 03:58:35","pid":false,"msg":"GET /api/search-accounts-by-email/67df51c9f4abe155c0971ac5?search= {}"}
{"level":30,"time":"2025-03-23 03:58:35","pid":false,"msg":"GET /api/get-me {}"}
{"level":30,"time":"2025-03-23 03:58:35","pid":false,"msg":"GET /api/get-me {}"}
{"level":30,"time":"2025-03-23 03:58:35","pid":false,"msg":"GET /api/get-me {}"}
{"level":30,"time":"2025-03-23 03:58:37","pid":false,"msg":"GET /api/search-accounts-by-email/67df51c9f4abe155c0971ac5?search=mert.izgahii@gmail.com {}"}
{"level":30,"time":"2025-03-23 03:58:40","pid":false,"msg":"POST /api/create-invite {\"email\":\"mert.izgahii@gmail.com\",\"role\":\"member\",\"workspaceId\":\"67df51c9f4abe155c0971ac5\",\"projectId\":\"67df51c9f4abe155c0971ac7\"}"}
{"level":30,"time":"2025-03-23 03:58:43","pid":false,"msg":"Email sent to mert.izgahii@gmail.com"}
{"level":30,"time":"2025-03-23 03:58:43","pid":false,"msg":"GET /api/search-accounts-by-email/67df51c9f4abe155c0971ac5?search= {}"}
{"level":30,"time":"2025-03-23 03:58:46","pid":false,"msg":"GET /api/get-workspaces {}"}
{"level":30,"time":"2025-03-23 03:58:46","pid":false,"msg":"GET /api/get-projects?workspace=67df5212f4abe155c0971b3d {}"}
{"level":30,"time":"2025-03-23 03:58:46","pid":false,"msg":"GET /api/get-notifications {}"}
{"level":30,"time":"2025-03-23 03:58:46","pid":false,"msg":"GET /api/get-workspaces-analytics/67df5212f4abe155c0971b3d {}"}
{"level":30,"time":"2025-03-23 03:58:46","pid":false,"msg":"GET /api/get-me {}"}
{"level":30,"time":"2025-03-23 03:58:46","pid":false,"msg":"GET /api/get-me {}"}
{"level":30,"time":"2025-03-23 03:58:47","pid":false,"msg":"GET /api/get-me {}"}
{"level":30,"time":"2025-03-23 03:58:47","pid":false,"msg":"GET /api/get-me {}"}
