{"level":30,"time":"2025-03-16 00:04:38","pid":false,"msg":"Connected to MongoDB"}
{"level":30,"time":"2025-03-16 00:04:38","pid":false,"msg":"Server is listening on port 5001"}
{"level":30,"time":"2025-03-16 00:18:19","pid":false,"msg":"Connected to MongoDB"}
{"level":30,"time":"2025-03-16 00:18:19","pid":false,"msg":"Server is listening on port 5001"}
{"level":30,"time":"2025-03-16 00:18:39","pid":false,"msg":"Connected to MongoDB"}
{"level":30,"time":"2025-03-16 00:18:39","pid":false,"msg":"Server is listening on port 5001"}
{"level":30,"time":"2025-03-16 00:20:19","pid":false,"msg":"GET /api/get-me {}"}
{"level":50,"time":"2025-03-16 00:20:19","pid":false,"msg":"Unauthorized"}
{"level":30,"time":"2025-03-16 00:20:23","pid":false,"msg":"GET /api/get-me {}"}
{"level":50,"time":"2025-03-16 00:20:23","pid":false,"msg":"Unauthorized"}
{"level":30,"time":"2025-03-16 00:29:09","pid":false,"msg":"Connected to MongoDB"}
{"level":30,"time":"2025-03-16 00:29:09","pid":false,"msg":"Server is listening on port 5001"}
{"level":30,"time":"2025-03-16 00:29:12","pid":false,"msg":"Connected to MongoDB"}
{"level":30,"time":"2025-03-16 00:29:12","pid":false,"msg":"Server is listening on port 5001"}
{"level":30,"time":"2025-03-16 00:35:10","pid":false,"msg":"Connected to MongoDB"}
{"level":30,"time":"2025-03-16 00:35:10","pid":false,"msg":"Server is listening on port 5001"}
{"level":30,"time":"2025-03-16 00:38:53","pid":false,"msg":"POST /api/sign-in {\"email\":\"mert@mail.com\",\"password\":\"Aa123456\"}"}
{"level":30,"time":"2025-03-16 00:39:18","pid":false,"msg":"POST /api/callback {\"email\":\"mert.izgahi.93@gmail.com\",\"firstName\":\"Mert\",\"lastName\":\"izgahi\",\"provider\":\"google\",\"imageUrl\":\"https://lh3.googleusercontent.com/a/ACg8ocKSXv01f9cDF5GG_i_BzWKHFhwtR7IRzlyfpm8GY_wVY_P4t0c=s96-c\"}"}
{"level":30,"time":"2025-03-16 00:40:15","pid":false,"msg":"Connected to MongoDB"}
{"level":30,"time":"2025-03-16 00:40:15","pid":false,"msg":"Server is listening on port 5001"}
{"level":30,"time":"2025-03-16 00:40:36","pid":false,"msg":"POST /api/sign-in {\"email\":\"mert@mail.com\",\"password\":\"Aa123456\"}"}
{"level":30,"time":"2025-03-16 00:41:26","pid":false,"msg":"POST /api/callback {\"email\":\"mert.izgahi.93@gmail.com\",\"firstName\":\"Mert\",\"lastName\":\"izgahi\",\"provider\":\"google\",\"imageUrl\":\"https://lh3.googleusercontent.com/a/ACg8ocKSXv01f9cDF5GG_i_BzWKHFhwtR7IRzlyfpm8GY_wVY_P4t0c=s96-c\"}"}
{"level":30,"time":"2025-03-16 00:41:41","pid":false,"msg":"POST /api/sign-in {\"email\":\"mert@mail.com\",\"password\":\"Aa123456\"}"}
{"level":30,"time":"2025-03-16 00:41:48","pid":false,"msg":"GET /api/get-me {\"email\":\"mert@mail.com\",\"password\":\"Aa123456\"}"}
{"level":30,"time":"2025-03-16 00:41:52","pid":false,"msg":"POST /api/sign-out {\"email\":\"mert@mail.com\",\"password\":\"Aa123456\"}"}
{"level":30,"time":"2025-03-16 00:41:56","pid":false,"msg":"GET /api/get-me {\"email\":\"mert@mail.com\",\"password\":\"Aa123456\"}"}
{"level":50,"time":"2025-03-16 00:41:56","pid":false,"msg":"Unauthorized"}
{"level":30,"time":"2025-03-16 00:43:58","pid":false,"msg":"GET /api/get-me {}"}
{"level":50,"time":"2025-03-16 00:43:58","pid":false,"msg":"Unauthorized"}
{"level":30,"time":"2025-03-16 00:43:58","pid":false,"msg":"GET /api/get-me {}"}
{"level":50,"time":"2025-03-16 00:43:58","pid":false,"msg":"Unauthorized"}
{"level":30,"time":"2025-03-16 00:44:27","pid":false,"msg":"GET /api/get-me {}"}
{"level":50,"time":"2025-03-16 00:44:27","pid":false,"msg":"Unauthorized"}
{"level":30,"time":"2025-03-16 00:44:30","pid":false,"msg":"GET /api/get-me {}"}
{"level":50,"time":"2025-03-16 00:44:30","pid":false,"msg":"Unauthorized"}
{"level":30,"time":"2025-03-16 00:46:10","pid":false,"msg":"GET /api/get-me {}"}
{"level":50,"time":"2025-03-16 00:46:10","pid":false,"msg":"Unauthorized"}
{"level":30,"time":"2025-03-16 00:48:30","pid":false,"msg":"Connected to MongoDB"}
{"level":30,"time":"2025-03-16 00:48:30","pid":false,"msg":"Server is listening on port 5001"}
{"level":30,"time":"2025-03-16 00:50:53","pid":false,"msg":"Connected to MongoDB"}
{"level":30,"time":"2025-03-16 00:50:53","pid":false,"msg":"Server is listening on port 5001"}
{"level":30,"time":"2025-03-16 00:51:05","pid":false,"msg":"Connected to MongoDB"}
{"level":30,"time":"2025-03-16 00:51:05","pid":false,"msg":"Server is listening on port 5001"}
{"level":30,"time":"2025-03-16 00:51:12","pid":false,"msg":"Connected to MongoDB"}
{"level":30,"time":"2025-03-16 00:51:12","pid":false,"msg":"Server is listening on port 5001"}
{"level":30,"time":"2025-03-16 00:51:15","pid":false,"msg":"Connected to MongoDB"}
{"level":30,"time":"2025-03-16 00:51:15","pid":false,"msg":"Server is listening on port 5001"}
{"level":30,"time":"2025-03-16 00:52:01","pid":false,"msg":"Connected to MongoDB"}
{"level":30,"time":"2025-03-16 00:52:01","pid":false,"msg":"Server is listening on port 5001"}
{"level":30,"time":"2025-03-16 00:54:38","pid":false,"msg":"POST /api/sign-in {\"email\":\"mert@mail.com\",\"password\":\"Aa123456\"}"}
{"level":30,"time":"2025-03-16 00:55:47","pid":false,"msg":"POST /api/sign-in {\"email\":\"mert@mail.com\",\"password\":\"Aa123456\"}"}
{"level":30,"time":"2025-03-16 00:55:53","pid":false,"msg":"POST /api/sign-in {\"email\":\"mert@mail.com\",\"password\":\"Aa123456\"}"}
{"level":30,"time":"2025-03-16 00:56:46","pid":false,"msg":"POST /api/sign-in {\"email\":\"mert@mail.com\",\"password\":\"Aa123456\"}"}
{"level":30,"time":"2025-03-16 00:57:33","pid":false,"msg":"Connected to MongoDB"}
{"level":30,"time":"2025-03-16 00:57:33","pid":false,"msg":"Server is listening on port 5001"}
{"level":30,"time":"2025-03-16 00:57:51","pid":false,"msg":"Connected to MongoDB"}
{"level":30,"time":"2025-03-16 00:57:51","pid":false,"msg":"Server is listening on port 5001"}
{"level":30,"time":"2025-03-16 00:58:02","pid":false,"msg":"POST /api/sign-in {\"email\":\"mert@mail.com\",\"password\":\"Aa123456\"}"}
{"level":30,"time":"2025-03-16 00:58:10","pid":false,"msg":"GET /api/get-me {\"email\":\"mert@mail.com\",\"password\":\"Aa123456\"}"}
{"level":50,"time":"2025-03-16 00:58:10","pid":false,"msg":"Unauthorized"}
{"level":30,"time":"2025-03-16 00:58:31","pid":false,"msg":"GET /api/get-me {\"email\":\"mert@mail.com\",\"password\":\"Aa123456\"}"}
{"level":30,"time":"2025-03-16 01:00:24","pid":false,"msg":"Connected to MongoDB"}
{"level":30,"time":"2025-03-16 01:00:24","pid":false,"msg":"Server is listening on port 5001"}
{"level":30,"time":"2025-03-16 01:00:32","pid":false,"msg":"Connected to MongoDB"}
{"level":30,"time":"2025-03-16 01:00:32","pid":false,"msg":"Server is listening on port 5001"}
{"level":30,"time":"2025-03-16 01:00:38","pid":false,"msg":"Connected to MongoDB"}
{"level":30,"time":"2025-03-16 01:00:38","pid":false,"msg":"Server is listening on port 5001"}
{"level":30,"time":"2025-03-16 01:00:44","pid":false,"msg":"GET /api/get-me {\"email\":\"mert@mail.com\",\"password\":\"Aa123456\"}"}
{"level":30,"time":"2025-03-16 01:00:49","pid":false,"msg":"POST /api/sign-in {\"email\":\"mert@mail.com\",\"password\":\"Aa123456\"}"}
{"level":30,"time":"2025-03-16 01:01:23","pid":false,"msg":"POST /api/sign-in {\"email\":\"mert@mail.com\",\"password\":\"Aa123456\"}"}
{"level":30,"time":"2025-03-16 01:01:49","pid":false,"msg":"POST /api/sign-in {\"email\":\"mert@mail.com\",\"password\":\"Aa123456\"}"}
{"level":30,"time":"2025-03-16 01:02:21","pid":false,"msg":"POST /api/sign-in {\"email\":\"mert@mail.com\",\"password\":\"Aa123456\"}"}
{"level":30,"time":"2025-03-16 01:02:45","pid":false,"msg":"POST /api/sign-in {\"email\":\"mert@mail.com\",\"password\":\"Aa123456\"}"}
{"level":30,"time":"2025-03-16 01:02:56","pid":false,"msg":"POST /api/sign-in {\"email\":\"mert@mail.com\",\"password\":\"Aa123456\"}"}
{"level":30,"time":"2025-03-16 01:04:04","pid":false,"msg":"POST /api/sign-in {\"email\":\"mert@mail.com\",\"password\":\"Aa123456\"}"}
{"level":30,"time":"2025-03-16 01:45:29","pid":false,"msg":"POST /api/sign-in {\"email\":\"mert@mail.com\",\"password\":\"Aa123456\"}"}
{"level":30,"time":"2025-03-16 01:46:51","pid":false,"msg":"POST /api/sign-in {\"email\":\"mert@mail.com\",\"password\":\"Aa123456\"}"}
{"level":30,"time":"2025-03-16 03:02:37","pid":false,"msg":"POST /api/sign-in {\"email\":\"mert@mail.com\",\"password\":\"Aa123456\"}"}
{"level":30,"time":"2025-03-16 03:03:57","pid":false,"msg":"POST /api/sign-in {\"email\":\"mert@mail.com\",\"password\":\"Aa123456\"}"}
{"level":30,"time":"2025-03-16 03:07:02","pid":false,"msg":"POST /api/sign-in {\"email\":\"mert@mail.com\",\"password\":\"Aa123456\"}"}
{"level":30,"time":"2025-03-16 03:09:57","pid":false,"msg":"POST /api/sign-in {\"email\":\"mert@mail.com\",\"password\":\"Aa123456\"}"}
{"level":30,"time":"2025-03-16 03:10:09","pid":false,"msg":"POST /api/callback {\"email\":\"mert.izgahi.93@gmail.com\",\"firstName\":\"Mert\",\"lastName\":\"izgahi\",\"imageUrl\":\"https://lh3.googleusercontent.com/a/ACg8ocKSXv01f9cDF5GG_i_BzWKHFhwtR7IRzlyfpm8GY_wVY_P4t0c=s96-c\",\"provider\":\"google\"}"}
{"level":30,"time":"2025-03-16 03:11:55","pid":false,"msg":"POST /api/callback {\"email\":\"mert.izgahi.93@gmail.com\",\"firstName\":\"Mert\",\"lastName\":\"izgahi\",\"imageUrl\":\"https://lh3.googleusercontent.com/a/ACg8ocKSXv01f9cDF5GG_i_BzWKHFhwtR7IRzlyfpm8GY_wVY_P4t0c=s96-c\",\"provider\":\"google\"}"}
{"level":30,"time":"2025-03-16 03:12:11","pid":false,"msg":"POST /api/sign-in {\"email\":\"mert@mail.com\",\"password\":\"Aa123456\"}"}
{"level":50,"time":"2025-03-16 03:13:05","pid":false,"msg":"jwt malformed"}
{"level":50,"time":"2025-03-16 03:13:05","pid":false,"msg":"jwt malformed"}
{"level":30,"time":"2025-03-16 03:14:18","pid":false,"msg":"Connected to MongoDB"}
{"level":30,"time":"2025-03-16 03:14:18","pid":false,"msg":"Server is listening on port 5001"}
{"level":30,"time":"2025-03-16 03:15:40","pid":false,"msg":"GET /api/get-me {}"}
{"level":30,"time":"2025-03-16 03:15:54","pid":false,"msg":"GET /api/get-me {}"}
{"level":30,"time":"2025-03-16 03:15:57","pid":false,"msg":"GET /api/get-me {}"}
{"level":30,"time":"2025-03-16 03:16:45","pid":false,"msg":"GET /api/get-me {}"}
{"level":30,"time":"2025-03-16 03:16:47","pid":false,"msg":"GET /api/get-me {}"}
{"level":30,"time":"2025-03-16 03:18:04","pid":false,"msg":"GET /api/get-me {}"}
{"level":30,"time":"2025-03-16 03:25:31","pid":false,"msg":"POST /api/sign-in {\"email\":\"mert@mail.com\",\"password\":\"Aa123456\"}"}
{"level":30,"time":"2025-03-16 03:30:03","pid":false,"msg":"Connected to MongoDB"}
{"level":30,"time":"2025-03-16 03:30:03","pid":false,"msg":"Server is listening on port 5001"}
{"level":30,"time":"2025-03-16 03:30:25","pid":false,"msg":"POST /api/callback {\"email\":\"mert.izgahi.93@gmail.com\",\"firstName\":\"Mert\",\"lastName\":\"izgahi\",\"imageUrl\":\"https://lh3.googleusercontent.com/a/ACg8ocKSXv01f9cDF5GG_i_BzWKHFhwtR7IRzlyfpm8GY_wVY_P4t0c=s96-c\",\"provider\":\"google\"}"}
{"level":30,"time":"2025-03-16 03:33:29","pid":false,"msg":"Connected to MongoDB"}
{"level":30,"time":"2025-03-16 03:33:29","pid":false,"msg":"Server is listening on port 5001"}
{"level":30,"time":"2025-03-16 03:34:37","pid":false,"msg":"Connected to MongoDB"}
{"level":30,"time":"2025-03-16 03:34:37","pid":false,"msg":"Server is listening on port 5001"}
{"level":30,"time":"2025-03-16 03:35:53","pid":false,"msg":"POST /api/callback {\"email\":\"mert.izgahi.93@gmail.com\",\"firstName\":\"Mert\",\"lastName\":\"izgahi\",\"imageUrl\":\"https://lh3.googleusercontent.com/a/ACg8ocKSXv01f9cDF5GG_i_BzWKHFhwtR7IRzlyfpm8GY_wVY_P4t0c=s96-c\",\"provider\":\"google\"}"}
{"level":30,"time":"2025-03-16 03:37:37","pid":false,"msg":"POST /api/callback {\"email\":\"mert.izgahi.93@gmail.com\",\"firstName\":\"Mert\",\"lastName\":\"izgahi\",\"imageUrl\":\"https://lh3.googleusercontent.com/a/ACg8ocKSXv01f9cDF5GG_i_BzWKHFhwtR7IRzlyfpm8GY_wVY_P4t0c=s96-c\",\"provider\":\"google\"}"}
{"level":30,"time":"2025-03-16 03:38:54","pid":false,"msg":"POST /api/callback {\"email\":\"mert.izgahi.93@gmail.com\",\"firstName\":\"Mert\",\"lastName\":\"izgahi\",\"imageUrl\":\"https://lh3.googleusercontent.com/a/ACg8ocKSXv01f9cDF5GG_i_BzWKHFhwtR7IRzlyfpm8GY_wVY_P4t0c=s96-c\",\"provider\":\"google\"}"}
{"level":30,"time":"2025-03-16 03:39:05","pid":false,"msg":"POST /api/sign-in {\"email\":\"mert@mail.com\",\"password\":\"Aa123456\"}"}
{"level":30,"time":"2025-03-16 03:42:07","pid":false,"msg":"POST /api/sign-in {\"email\":\"mert@mail.com\",\"password\":\"Aa123456\"}"}
{"level":30,"time":"2025-03-16 03:42:29","pid":false,"msg":"POST /api/callback {\"email\":\"mert.izgahii@gmail.com\",\"firstName\":\"Mert\",\"lastName\":\"Izgahi\",\"imageUrl\":\"https://lh3.googleusercontent.com/a/ACg8ocL1qw3K5k9qbF1VA3Q1uegin2UsfZpSpvKiD8bU5AzbzP07Sw=s96-c\",\"provider\":\"google\"}"}
{"level":30,"time":"2025-03-16 03:45:37","pid":false,"msg":"POST /api/sign-in {\"email\":\"mert@mail.com\",\"password\":\"Aa123456\"}"}
{"level":30,"time":"2025-03-16 03:51:29","pid":false,"msg":"POST /api/callback {\"email\":\"mert.izgahi.93@gmail.com\",\"firstName\":\"Mert\",\"lastName\":\"izgahi\",\"imageUrl\":\"https://lh3.googleusercontent.com/a/ACg8ocKSXv01f9cDF5GG_i_BzWKHFhwtR7IRzlyfpm8GY_wVY_P4t0c=s96-c\",\"provider\":\"google\"}"}
{"level":30,"time":"2025-03-16 03:53:45","pid":false,"msg":"POST /api/sign-in {\"email\":\"mert@mail.com\",\"password\":\"Aa123456\"}"}
{"level":30,"time":"2025-03-16 03:54:17","pid":false,"msg":"POST /api/callback {\"email\":\"mert.izgahii@gmail.com\",\"firstName\":\"Mert\",\"lastName\":\"Izgahi\",\"imageUrl\":\"https://lh3.googleusercontent.com/a/ACg8ocL1qw3K5k9qbF1VA3Q1uegin2UsfZpSpvKiD8bU5AzbzP07Sw=s96-c\",\"provider\":\"google\"}"}
{"level":30,"time":"2025-03-16 06:12:17","pid":false,"msg":"POST /api/sign-in {\"email\":\"mert@mail.com\",\"password\":\"Aa123456\"}"}
{"level":30,"time":"2025-03-16 06:21:37","pid":false,"msg":"POST /api/callback {\"email\":\"mert.izgahi@outlook.com\",\"provider\":\"google\"}"}
{"level":50,"time":"2025-03-16 06:21:37","pid":false,"msg":"User validation failed: firstName: Path `firstName` is required., lastName: Path `lastName` is required."}
{"level":30,"time":"2025-03-16 06:23:10","pid":false,"msg":"POST /api/callback {\"email\":\"mert.izgahi@outlook.com\",\"firstName\":\"Mert izgahi\",\"lastName\":\"Mert izgahi\",\"imageUrl\":\"https://avatars.githubusercontent.com/u/127987619?v=4\",\"provider\":\"github\"}"}
{"level":30,"time":"2025-03-16 06:23:52","pid":false,"msg":"POST /api/sign-up {\"email\":\"mert@mail.com\",\"password\":\"Aa123456\",\"firstName\":\"Mert\",\"lastName\":\"Yusuf\"}"}
{"level":50,"time":"2025-03-16 06:23:52","pid":false,"msg":"Email already exist"}
{"level":30,"time":"2025-03-16 06:25:23","pid":false,"msg":"POST /api/sign-in {\"email\":\"mert@mail.com\",\"password\":\"Aa123456\"}"}
{"level":30,"time":"2025-03-16 16:00:30","pid":false,"msg":"Connected to MongoDB"}
{"level":30,"time":"2025-03-16 16:00:30","pid":false,"msg":"Server is listening on port 5001"}
{"level":30,"time":"2025-03-16 16:02:45","pid":false,"msg":"Connected to MongoDB"}
{"level":30,"time":"2025-03-16 16:02:45","pid":false,"msg":"Server is listening on port 5001"}
{"level":30,"time":"2025-03-16 16:55:01","pid":false,"msg":"POST /create-workspace {\"name\":\"TEST\",\"description\":\"\",\"imageUrl\":\"\"}"}
{"level":30,"time":"2025-03-16 16:55:27","pid":false,"msg":"POST /create-workspace {\"name\":\"TEST\",\"description\":\"\",\"imageUrl\":\"\"}"}
{"level":30,"time":"2025-03-16 16:55:41","pid":false,"msg":"POST /create-workspace {\"name\":\"TEST\",\"description\":\"\",\"imageUrl\":\"\"}"}
{"level":30,"time":"2025-03-16 16:56:02","pid":false,"msg":"POST /api/create-workspace {\"name\":\"TEST\",\"description\":\"\",\"imageUrl\":\"\"}"}
{"level":50,"time":"2025-03-16 16:56:02","pid":false,"msg":"Unauthorized"}
{"level":30,"time":"2025-03-16 16:57:45","pid":false,"msg":"POST /api/create-workspace {\"name\":\"TEST\",\"description\":\"\",\"imageUrl\":\"\"}"}
{"level":30,"time":"2025-03-16 20:36:01","pid":false,"msg":"Connected to MongoDB"}
{"level":30,"time":"2025-03-16 20:36:01","pid":false,"msg":"Server is listening on port 5001"}
{"level":30,"time":"2025-03-16 20:49:39","pid":false,"msg":"POST /api/upload-image {}"}
{"level":30,"time":"2025-03-16 20:52:55","pid":false,"msg":"POST /api/upload-image {}"}
{"level":30,"time":"2025-03-16 21:00:38","pid":false,"msg":"Connected to MongoDB"}
{"level":30,"time":"2025-03-16 21:00:38","pid":false,"msg":"Server is listening on port 5001"}
{"level":30,"time":"2025-03-16 21:00:57","pid":false,"msg":"Connected to MongoDB"}
{"level":30,"time":"2025-03-16 21:00:57","pid":false,"msg":"Server is listening on port 5001"}
{"level":30,"time":"2025-03-16 21:01:57","pid":false,"msg":"GET /api/get-workspaces {}"}
{"level":30,"time":"2025-03-16 21:04:26","pid":false,"msg":"GET /api/get-workspaces {}"}
{"level":30,"time":"2025-03-16 21:05:06","pid":false,"msg":"GET /api/get-workspaces {}"}
{"level":30,"time":"2025-03-16 21:05:25","pid":false,"msg":"GET /api/get-workspaces {}"}
{"level":30,"time":"2025-03-16 21:05:26","pid":false,"msg":"GET /api/get-workspaces {}"}
{"level":30,"time":"2025-03-16 21:06:17","pid":false,"msg":"POST /api/callback {\"email\":\"mert.izgahi.93@gmail.com\",\"firstName\":\"Mert\",\"lastName\":\"izgahi\",\"imageUrl\":\"https://lh3.googleusercontent.com/a/ACg8ocKSXv01f9cDF5GG_i_BzWKHFhwtR7IRzlyfpm8GY_wVY_P4t0c=s96-c\",\"provider\":\"google\"}"}
{"level":30,"time":"2025-03-16 21:06:17","pid":false,"msg":"GET /api/get-workspaces {}"}
{"level":30,"time":"2025-03-16 21:06:54","pid":false,"msg":"POST /api/callback {\"email\":\"mert.izgahi.93@gmail.com\",\"firstName\":\"Mert\",\"lastName\":\"izgahi\",\"imageUrl\":\"https://lh3.googleusercontent.com/a/ACg8ocKSXv01f9cDF5GG_i_BzWKHFhwtR7IRzlyfpm8GY_wVY_P4t0c=s96-c\",\"provider\":\"google\"}"}
{"level":30,"time":"2025-03-16 21:06:54","pid":false,"msg":"GET /api/get-workspaces {}"}
{"level":30,"time":"2025-03-16 21:07:07","pid":false,"msg":"POST /api/sign-in {\"email\":\"mert@mail.com\",\"password\":\"Aa123456\"}"}
{"level":30,"time":"2025-03-16 21:07:08","pid":false,"msg":"GET /api/get-workspaces {}"}
{"level":30,"time":"2025-03-16 21:07:23","pid":false,"msg":"POST /api/callback {\"email\":\"mert.izgahi.93@gmail.com\",\"firstName\":\"Mert\",\"lastName\":\"izgahi\",\"imageUrl\":\"https://lh3.googleusercontent.com/a/ACg8ocKSXv01f9cDF5GG_i_BzWKHFhwtR7IRzlyfpm8GY_wVY_P4t0c=s96-c\",\"provider\":\"google\"}"}
{"level":30,"time":"2025-03-16 21:07:23","pid":false,"msg":"GET /api/get-workspaces {}"}
{"level":30,"time":"2025-03-16 21:07:40","pid":false,"msg":"POST /api/callback {\"email\":\"mert.izgahii@gmail.com\",\"firstName\":\"Mert\",\"lastName\":\"Izgahi\",\"imageUrl\":\"https://lh3.googleusercontent.com/a/ACg8ocL1qw3K5k9qbF1VA3Q1uegin2UsfZpSpvKiD8bU5AzbzP07Sw=s96-c\",\"provider\":\"google\"}"}
{"level":30,"time":"2025-03-16 21:07:40","pid":false,"msg":"GET /api/get-workspaces {}"}
{"level":30,"time":"2025-03-16 21:20:54","pid":false,"msg":"GET /api/get-workspaces {}"}
{"level":30,"time":"2025-03-16 21:21:33","pid":false,"msg":"GET /api/get-workspaces {}"}
{"level":30,"time":"2025-03-16 21:25:26","pid":false,"msg":"GET /api/get-workspaces {}"}
{"level":30,"time":"2025-03-16 21:25:40","pid":false,"msg":"GET /api/get-workspaces {}"}
{"level":30,"time":"2025-03-16 21:31:52","pid":false,"msg":"Connected to MongoDB"}
{"level":30,"time":"2025-03-16 21:31:52","pid":false,"msg":"Server is listening on port 5001"}
{"level":30,"time":"2025-03-16 21:42:47","pid":false,"msg":"GET /api/get-workspaces {}"}
{"level":30,"time":"2025-03-16 21:44:33","pid":false,"msg":"GET /api/get-workspaces {}"}
{"level":30,"time":"2025-03-16 21:45:08","pid":false,"msg":"POST /api/upload-image {}"}
{"level":30,"time":"2025-03-16 21:45:17","pid":false,"msg":"POST /api/create-workspace {\"name\":\"TEST\",\"description\":\"\",\"imageUrl\":\"http://res.cloudinary.com/doienkws9/image/upload/v1742150712/lrckflb2v7gpzpw987to.png\"}"}
{"level":30,"time":"2025-03-16 21:45:50","pid":false,"msg":"POST /api/sign-in {\"email\":\"mert@mail.com\",\"password\":\"Aa123456\"}"}
{"level":30,"time":"2025-03-16 21:45:51","pid":false,"msg":"GET /api/get-workspaces {}"}
{"level":30,"time":"2025-03-16 21:51:22","pid":false,"msg":"GET /api/get-workspaces {}"}
{"level":30,"time":"2025-03-16 21:51:36","pid":false,"msg":"GET /api/get-workspaces {}"}
{"level":30,"time":"2025-03-16 21:52:18","pid":false,"msg":"GET /api/get-workspaces {}"}
{"level":30,"time":"2025-03-16 21:52:38","pid":false,"msg":"GET /api/get-workspaces {}"}
{"level":30,"time":"2025-03-16 21:52:43","pid":false,"msg":"GET /api/get-workspaces {}"}
{"level":30,"time":"2025-03-16 21:52:51","pid":false,"msg":"GET /api/get-workspaces {}"}
{"level":30,"time":"2025-03-16 21:53:32","pid":false,"msg":"GET /api/get-workspaces {}"}
{"level":30,"time":"2025-03-16 21:54:20","pid":false,"msg":"GET /api/get-workspaces {}"}
{"level":30,"time":"2025-03-16 21:54:30","pid":false,"msg":"GET /api/get-workspaces {}"}
{"level":30,"time":"2025-03-16 21:54:32","pid":false,"msg":"GET /api/get-workspaces {}"}
{"level":30,"time":"2025-03-16 21:54:35","pid":false,"msg":"GET /api/get-workspaces {}"}
{"level":30,"time":"2025-03-16 21:54:59","pid":false,"msg":"GET /api/get-workspaces {}"}
{"level":30,"time":"2025-03-16 21:57:36","pid":false,"msg":"GET /api/get-workspaces {}"}
{"level":30,"time":"2025-03-16 21:57:37","pid":false,"msg":"GET /api/get-workspaces {}"}
{"level":30,"time":"2025-03-16 21:58:42","pid":false,"msg":"GET /api/get-workspaces {}"}
{"level":30,"time":"2025-03-16 22:00:56","pid":false,"msg":"GET /api/get-workspaces {}"}
{"level":30,"time":"2025-03-16 22:00:59","pid":false,"msg":"GET /api/get-workspaces {}"}
{"level":30,"time":"2025-03-16 22:01:23","pid":false,"msg":"GET /api/get-workspaces {}"}
{"level":30,"time":"2025-03-16 22:01:28","pid":false,"msg":"GET /api/get-workspaces {}"}
{"level":30,"time":"2025-03-16 22:02:11","pid":false,"msg":"GET /api/get-workspaces {}"}
{"level":30,"time":"2025-03-16 22:02:20","pid":false,"msg":"GET /api/get-workspaces {}"}
{"level":30,"time":"2025-03-16 22:06:01","pid":false,"msg":"GET /api/get-workspaces {}"}
{"level":30,"time":"2025-03-16 22:06:02","pid":false,"msg":"GET /api/get-workspaces {}"}
{"level":30,"time":"2025-03-16 22:06:12","pid":false,"msg":"GET /api/get-workspaces {}"}
{"level":30,"time":"2025-03-16 22:06:15","pid":false,"msg":"GET /api/get-workspaces {}"}
{"level":30,"time":"2025-03-16 22:06:29","pid":false,"msg":"GET /api/get-workspaces {}"}
{"level":30,"time":"2025-03-16 22:06:53","pid":false,"msg":"GET /api/get-workspaces {}"}
{"level":30,"time":"2025-03-16 22:10:12","pid":false,"msg":"GET /api/get-workspaces {}"}
{"level":30,"time":"2025-03-16 22:10:14","pid":false,"msg":"GET /api/get-workspaces {}"}
{"level":30,"time":"2025-03-16 22:10:33","pid":false,"msg":"GET /api/get-workspaces {}"}
{"level":30,"time":"2025-03-16 22:10:44","pid":false,"msg":"GET /api/get-workspaces {}"}
{"level":30,"time":"2025-03-16 22:13:54","pid":false,"msg":"GET /api/get-workspaces {}"}
{"level":30,"time":"2025-03-16 22:13:56","pid":false,"msg":"GET /api/get-workspaces {}"}
{"level":30,"time":"2025-03-16 22:14:08","pid":false,"msg":"GET /api/get-workspaces {}"}
{"level":30,"time":"2025-03-16 22:16:24","pid":false,"msg":"GET /api/get-workspaces {}"}
{"level":30,"time":"2025-03-16 22:17:37","pid":false,"msg":"GET /api/get-workspaces {}"}
{"level":30,"time":"2025-03-16 22:17:48","pid":false,"msg":"POST /api/upload-image {}"}
{"level":30,"time":"2025-03-16 22:17:55","pid":false,"msg":"POST /api/create-workspace {\"name\":\"TEST 2\",\"description\":\"\",\"imageUrl\":\"http://res.cloudinary.com/doienkws9/image/upload/v1742152672/ffpmzsmao4xsqvmpjlpq.webp\"}"}
{"level":50,"time":"2025-03-16 22:17:56","pid":false,"msg":"E11000 duplicate key error collection: kanbex-db.workspaces index: admin_1 dup key: { admin: \"67d5b39107894aee37edcf6b\" }"}
{"level":30,"time":"2025-03-16 22:18:01","pid":false,"msg":"GET /api/get-workspaces {}"}
{"level":30,"time":"2025-03-16 22:18:06","pid":false,"msg":"POST /api/create-workspace {\"name\":\"TEST 2\",\"description\":\"\",\"imageUrl\":\"http://res.cloudinary.com/doienkws9/image/upload/v1742152672/ffpmzsmao4xsqvmpjlpq.webp\"}"}
{"level":50,"time":"2025-03-16 22:18:07","pid":false,"msg":"E11000 duplicate key error collection: kanbex-db.workspaces index: admin_1 dup key: { admin: \"67d5b39107894aee37edcf6b\" }"}
{"level":30,"time":"2025-03-16 22:22:53","pid":false,"msg":"GET /api/get-workspaces {}"}
{"level":30,"time":"2025-03-16 22:24:27","pid":false,"msg":"GET /api/get-workspaces {}"}
{"level":30,"time":"2025-03-16 22:25:31","pid":false,"msg":"Connected to MongoDB"}
{"level":30,"time":"2025-03-16 22:25:31","pid":false,"msg":"Server is listening on port 5001"}
{"level":30,"time":"2025-03-16 22:27:46","pid":false,"msg":"POST /api/sign-in {\"email\":\"mert@mail.com\",\"password\":\"Aa123456\"}"}
{"level":50,"time":"2025-03-16 22:27:46","pid":false,"msg":"User not found"}
{"level":30,"time":"2025-03-16 22:28:06","pid":false,"msg":"POST /api/sign-up {\"email\":\"mert@mail.com\",\"password\":\"Aa123456\",\"firstName\":\"Mert\",\"lastName\":\"Yusuf\"}"}
{"level":30,"time":"2025-03-16 22:28:15","pid":false,"msg":"POST /api/sign-in {\"email\":\"mert@mail.com\",\"password\":\"Aa123456\"}"}
{"level":30,"time":"2025-03-16 22:28:16","pid":false,"msg":"GET /api/get-workspaces {}"}
{"level":30,"time":"2025-03-16 22:28:23","pid":false,"msg":"POST /api/create-workspace {\"name\":\"TEST\",\"description\":\"\",\"imageUrl\":\"\"}"}
{"level":30,"time":"2025-03-16 22:28:24","pid":false,"msg":"GET /api/get-workspaces {}"}
{"level":30,"time":"2025-03-16 22:28:36","pid":false,"msg":"POST /api/upload-image {}"}
{"level":30,"time":"2025-03-16 22:28:40","pid":false,"msg":"POST /api/create-workspace {\"name\":\"TEST 2\",\"description\":\"\",\"imageUrl\":\"http://res.cloudinary.com/doienkws9/image/upload/v1742153318/uxugomonwbpp2plkne7w.webp\"}"}
{"level":50,"time":"2025-03-16 22:28:40","pid":false,"msg":"E11000 duplicate key error collection: kanbex-db.workspaces index: admin_1 dup key: { admin: \"67d7264608759948ef2b321d\" }"}
{"level":30,"time":"2025-03-16 22:28:45","pid":false,"msg":"GET /api/get-workspaces {}"}
{"level":30,"time":"2025-03-16 22:29:26","pid":false,"msg":"GET /api/get-workspaces {}"}
{"level":30,"time":"2025-03-16 22:29:28","pid":false,"msg":"POST /api/create-workspace {\"name\":\"TEST 2\",\"description\":\"\",\"imageUrl\":\"http://res.cloudinary.com/doienkws9/image/upload/v1742153318/uxugomonwbpp2plkne7w.webp\"}"}
{"level":30,"time":"2025-03-16 22:29:30","pid":false,"msg":"GET /api/get-workspaces {}"}
{"level":30,"time":"2025-03-16 22:29:34","pid":false,"msg":"GET /api/get-workspaces {}"}
{"level":30,"time":"2025-03-16 22:29:37","pid":false,"msg":"GET /api/get-workspaces {}"}
{"level":30,"time":"2025-03-16 22:29:40","pid":false,"msg":"GET /api/get-workspaces {}"}
{"level":30,"time":"2025-03-16 22:30:45","pid":false,"msg":"GET /api/get-workspaces {}"}
{"level":30,"time":"2025-03-16 22:31:46","pid":false,"msg":"GET /api/get-workspaces {}"}
{"level":30,"time":"2025-03-16 22:33:03","pid":false,"msg":"POST /api/sign-in {\"email\":\"mert@mail.com\",\"password\":\"Aa123456\"}"}
{"level":30,"time":"2025-03-16 22:33:04","pid":false,"msg":"GET /api/get-workspaces {}"}
{"level":30,"time":"2025-03-16 22:33:06","pid":false,"msg":"GET /api/get-workspaces {}"}
{"level":30,"time":"2025-03-16 22:33:22","pid":false,"msg":"POST /api/callback {\"email\":\"mert.izgahi.93@gmail.com\",\"firstName\":\"Mert\",\"lastName\":\"izgahi\",\"imageUrl\":\"https://lh3.googleusercontent.com/a/ACg8ocKSXv01f9cDF5GG_i_BzWKHFhwtR7IRzlyfpm8GY_wVY_P4t0c=s96-c\",\"provider\":\"google\"}"}
{"level":30,"time":"2025-03-16 22:33:22","pid":false,"msg":"GET /api/get-workspaces {}"}
{"level":30,"time":"2025-03-16 22:34:24","pid":false,"msg":"GET /api/get-workspaces {}"}
{"level":30,"time":"2025-03-16 22:34:27","pid":false,"msg":"GET /api/get-workspaces {}"}
{"level":30,"time":"2025-03-16 22:35:49","pid":false,"msg":"GET /api/get-workspaces {}"}
{"level":30,"time":"2025-03-16 22:36:10","pid":false,"msg":"GET /api/get-workspaces {}"}
{"level":30,"time":"2025-03-16 22:36:22","pid":false,"msg":"GET /api/get-workspaces {}"}
{"level":30,"time":"2025-03-16 22:36:52","pid":false,"msg":"GET /api/get-workspaces {}"}
{"level":30,"time":"2025-03-16 22:36:52","pid":false,"msg":"GET /api/get-workspaces {}"}
{"level":30,"time":"2025-03-16 22:36:56","pid":false,"msg":"GET /api/get-workspaces {}"}
{"level":30,"time":"2025-03-16 22:36:56","pid":false,"msg":"GET /api/get-workspaces {}"}
{"level":30,"time":"2025-03-16 22:37:09","pid":false,"msg":"GET /api/get-workspaces {}"}
{"level":30,"time":"2025-03-16 22:37:09","pid":false,"msg":"GET /api/get-workspaces {}"}
{"level":30,"time":"2025-03-16 22:39:11","pid":false,"msg":"GET /api/get-workspaces {}"}
{"level":30,"time":"2025-03-16 22:39:34","pid":false,"msg":"GET /api/get-workspaces {}"}
{"level":30,"time":"2025-03-16 22:39:34","pid":false,"msg":"GET /api/get-workspaces {}"}
{"level":30,"time":"2025-03-16 22:40:13","pid":false,"msg":"GET /api/get-workspaces {}"}
{"level":30,"time":"2025-03-16 22:40:40","pid":false,"msg":"POST /api/callback {\"email\":\"mert.izgahi.93@gmail.com\",\"firstName\":\"Mert\",\"lastName\":\"izgahi\",\"imageUrl\":\"https://lh3.googleusercontent.com/a/ACg8ocKSXv01f9cDF5GG_i_BzWKHFhwtR7IRzlyfpm8GY_wVY_P4t0c=s96-c\",\"provider\":\"google\"}"}
{"level":30,"time":"2025-03-16 22:40:41","pid":false,"msg":"GET /api/get-workspaces {}"}
{"level":30,"time":"2025-03-16 22:41:23","pid":false,"msg":"GET /api/get-workspaces {}"}
{"level":30,"time":"2025-03-16 22:41:41","pid":false,"msg":"GET /api/get-workspaces {}"}
{"level":30,"time":"2025-03-16 22:42:11","pid":false,"msg":"GET /api/get-workspaces {}"}
{"level":30,"time":"2025-03-16 22:42:28","pid":false,"msg":"GET /api/get-workspaces {}"}
{"level":30,"time":"2025-03-16 22:42:47","pid":false,"msg":"GET /api/get-workspaces {}"}
{"level":30,"time":"2025-03-16 22:42:50","pid":false,"msg":"GET /api/get-workspaces {}"}
{"level":30,"time":"2025-03-16 22:43:23","pid":false,"msg":"POST /api/sign-in {\"email\":\"mert@mail.com\",\"password\":\"Aa123456\"}"}
{"level":30,"time":"2025-03-16 22:43:23","pid":false,"msg":"GET /api/get-workspaces {}"}
{"level":30,"time":"2025-03-16 22:44:58","pid":false,"msg":"GET /api/get-workspaces {}"}
{"level":30,"time":"2025-03-16 22:45:43","pid":false,"msg":"GET /api/get-workspaces {}"}
{"level":30,"time":"2025-03-16 22:59:49","pid":false,"msg":"GET /api/get-workspaces {}"}
{"level":30,"time":"2025-03-16 23:00:05","pid":false,"msg":"POST /api/callback {\"email\":\"mert.izgahi.93@gmail.com\",\"firstName\":\"Mert\",\"lastName\":\"izgahi\",\"imageUrl\":\"https://lh3.googleusercontent.com/a/ACg8ocKSXv01f9cDF5GG_i_BzWKHFhwtR7IRzlyfpm8GY_wVY_P4t0c=s96-c\",\"provider\":\"google\"}"}
{"level":30,"time":"2025-03-16 23:00:07","pid":false,"msg":"GET /api/get-workspaces {}"}
{"level":30,"time":"2025-03-16 23:00:21","pid":false,"msg":"GET /api/get-workspaces {}"}
{"level":30,"time":"2025-03-16 23:00:37","pid":false,"msg":"GET /api/get-workspaces {}"}
{"level":30,"time":"2025-03-16 23:01:43","pid":false,"msg":"GET /api/get-workspaces {}"}
{"level":30,"time":"2025-03-16 23:05:00","pid":false,"msg":"GET /get-workspaces {}"}
{"level":30,"time":"2025-03-16 23:05:01","pid":false,"msg":"GET /get-workspaces {}"}
{"level":30,"time":"2025-03-16 23:05:03","pid":false,"msg":"GET /get-workspaces {}"}
{"level":30,"time":"2025-03-16 23:05:07","pid":false,"msg":"GET /get-workspaces {}"}
{"level":30,"time":"2025-03-16 23:05:15","pid":false,"msg":"GET /get-workspaces {}"}
{"level":30,"time":"2025-03-16 23:05:16","pid":false,"msg":"GET /api/get-workspaces {}"}
{"level":30,"time":"2025-03-16 23:05:18","pid":false,"msg":"GET /api/get-workspaces {}"}
{"level":30,"time":"2025-03-16 23:05:19","pid":false,"msg":"GET /api/get-workspaces {}"}
{"level":30,"time":"2025-03-16 23:07:17","pid":false,"msg":"GET /api/get-workspaces {}"}
{"level":30,"time":"2025-03-16 23:07:35","pid":false,"msg":"GET /api/get-workspaces {}"}
{"level":30,"time":"2025-03-16 23:08:18","pid":false,"msg":"GET /api/get-workspaces {}"}
{"level":30,"time":"2025-03-16 23:08:30","pid":false,"msg":"GET /api/get-workspaces {}"}
{"level":30,"time":"2025-03-16 23:08:31","pid":false,"msg":"GET /api/get-workspaces {}"}
{"level":30,"time":"2025-03-16 23:08:44","pid":false,"msg":"GET /api/get-workspaces {}"}
{"level":30,"time":"2025-03-16 23:08:47","pid":false,"msg":"GET /api/get-workspaces {}"}
{"level":30,"time":"2025-03-16 23:08:48","pid":false,"msg":"GET /api/get-workspaces {}"}
{"level":30,"time":"2025-03-16 23:09:42","pid":false,"msg":"GET /api/get-workspaces {}"}
{"level":30,"time":"2025-03-16 23:09:56","pid":false,"msg":"GET /api/get-workspaces {}"}
{"level":30,"time":"2025-03-16 23:10:04","pid":false,"msg":"GET /api/get-workspaces {}"}
{"level":30,"time":"2025-03-16 23:10:05","pid":false,"msg":"GET /api/get-workspaces {}"}
{"level":30,"time":"2025-03-16 23:11:57","pid":false,"msg":"GET /api/get-workspaces {}"}
{"level":30,"time":"2025-03-16 23:11:58","pid":false,"msg":"GET /api/get-workspaces {}"}
{"level":30,"time":"2025-03-16 23:12:00","pid":false,"msg":"GET /api/get-workspaces {}"}
{"level":30,"time":"2025-03-16 23:12:01","pid":false,"msg":"GET /api/get-workspaces {}"}
{"level":30,"time":"2025-03-16 23:12:07","pid":false,"msg":"GET /api/get-workspaces {}"}
{"level":30,"time":"2025-03-16 23:12:16","pid":false,"msg":"GET /api/get-workspaces {}"}
{"level":30,"time":"2025-03-16 23:13:22","pid":false,"msg":"GET /api/get-workspaces {}"}
{"level":30,"time":"2025-03-16 23:13:49","pid":false,"msg":"GET /api/get-workspaces {}"}
{"level":30,"time":"2025-03-16 23:13:59","pid":false,"msg":"GET /api/get-workspaces {}"}
{"level":30,"time":"2025-03-16 23:14:02","pid":false,"msg":"GET /api/get-workspaces {}"}
{"level":30,"time":"2025-03-16 23:14:02","pid":false,"msg":"GET /api/get-workspaces {}"}
{"level":30,"time":"2025-03-16 23:14:21","pid":false,"msg":"GET /api/get-workspaces {}"}
{"level":30,"time":"2025-03-16 23:14:28","pid":false,"msg":"GET /api/get-workspaces {}"}
{"level":30,"time":"2025-03-16 23:14:32","pid":false,"msg":"GET /api/get-workspaces {}"}
{"level":30,"time":"2025-03-16 23:14:33","pid":false,"msg":"GET /api/get-workspaces {}"}
{"level":30,"time":"2025-03-16 23:14:49","pid":false,"msg":"GET /api/get-workspaces {}"}
{"level":30,"time":"2025-03-16 23:14:50","pid":false,"msg":"GET /api/get-workspaces {}"}
{"level":30,"time":"2025-03-16 23:14:52","pid":false,"msg":"GET /api/get-workspaces {}"}
{"level":30,"time":"2025-03-16 23:14:53","pid":false,"msg":"GET /api/get-workspaces {}"}
{"level":30,"time":"2025-03-16 23:15:27","pid":false,"msg":"GET /api/get-workspaces {}"}
{"level":30,"time":"2025-03-16 23:15:30","pid":false,"msg":"GET /api/get-workspaces {}"}
{"level":30,"time":"2025-03-16 23:16:16","pid":false,"msg":"POST /api/upload-image {}"}
{"level":30,"time":"2025-03-16 23:16:19","pid":false,"msg":"POST /api/create-workspace {\"name\":\"TEST\",\"description\":\"\",\"imageUrl\":\"http://res.cloudinary.com/doienkws9/image/upload/v1742156176/mxpriyqeddchscxpe2so.webp\"}"}
{"level":30,"time":"2025-03-16 23:16:20","pid":false,"msg":"GET /api/get-workspaces {}"}
{"level":30,"time":"2025-03-16 23:16:41","pid":false,"msg":"POST /api/callback {\"email\":\"mert.izgahi.93@gmail.com\",\"firstName\":\"Mert\",\"lastName\":\"izgahi\",\"imageUrl\":\"https://lh3.googleusercontent.com/a/ACg8ocKSXv01f9cDF5GG_i_BzWKHFhwtR7IRzlyfpm8GY_wVY_P4t0c=s96-c\",\"provider\":\"google\"}"}
{"level":30,"time":"2025-03-16 23:16:42","pid":false,"msg":"GET /api/get-workspaces {}"}
{"level":30,"time":"2025-03-16 23:16:43","pid":false,"msg":"GET /api/get-workspaces {}"}
{"level":30,"time":"2025-03-16 23:16:54","pid":false,"msg":"POST /api/upload-image {}"}
{"level":30,"time":"2025-03-16 23:16:59","pid":false,"msg":"POST /api/create-workspace {\"name\":\"new\",\"description\":\"\",\"imageUrl\":\"http://res.cloudinary.com/doienkws9/image/upload/v1742156215/z9og71bd6gtaw2xzta7b.webp\"}"}
{"level":30,"time":"2025-03-16 23:17:00","pid":false,"msg":"GET /api/get-workspaces {}"}
{"level":30,"time":"2025-03-16 23:17:10","pid":false,"msg":"POST /api/callback {\"email\":\"mert.izgahi.93@gmail.com\",\"firstName\":\"Mert\",\"lastName\":\"izgahi\",\"imageUrl\":\"https://lh3.googleusercontent.com/a/ACg8ocKSXv01f9cDF5GG_i_BzWKHFhwtR7IRzlyfpm8GY_wVY_P4t0c=s96-c\",\"provider\":\"google\"}"}
{"level":30,"time":"2025-03-16 23:17:10","pid":false,"msg":"GET /api/get-workspaces {}"}
{"level":30,"time":"2025-03-16 23:17:11","pid":false,"msg":"GET /api/get-workspaces {}"}
{"level":30,"time":"2025-03-16 23:18:06","pid":false,"msg":"GET /api/get-workspaces {}"}
{"level":30,"time":"2025-03-16 23:18:53","pid":false,"msg":"GET /api/get-workspaces {}"}
{"level":30,"time":"2025-03-16 23:20:55","pid":false,"msg":"GET /api/get-workspaces {}"}
{"level":30,"time":"2025-03-16 23:21:36","pid":false,"msg":"GET /api/get-workspaces {}"}
{"level":30,"time":"2025-03-16 23:29:34","pid":false,"msg":"POST /api/callback {\"email\":\"mert.izgahi.93@gmail.com\",\"firstName\":\"Mert\",\"lastName\":\"izgahi\",\"imageUrl\":\"https://lh3.googleusercontent.com/a/ACg8ocKSXv01f9cDF5GG_i_BzWKHFhwtR7IRzlyfpm8GY_wVY_P4t0c=s96-c\",\"provider\":\"google\"}"}
{"level":30,"time":"2025-03-16 23:29:34","pid":false,"msg":"GET /api/get-workspaces {}"}
{"level":30,"time":"2025-03-16 23:29:35","pid":false,"msg":"GET /api/get-workspaces {}"}
{"level":30,"time":"2025-03-16 23:30:39","pid":false,"msg":"POST /api/callback {\"email\":\"mert.izgahi.93@gmail.com\",\"firstName\":\"Mert\",\"lastName\":\"izgahi\",\"imageUrl\":\"https://lh3.googleusercontent.com/a/ACg8ocKSXv01f9cDF5GG_i_BzWKHFhwtR7IRzlyfpm8GY_wVY_P4t0c=s96-c\",\"provider\":\"google\"}"}
{"level":30,"time":"2025-03-16 23:30:39","pid":false,"msg":"GET /api/get-workspaces {}"}
{"level":30,"time":"2025-03-16 23:30:41","pid":false,"msg":"GET /api/get-workspaces {}"}
{"level":30,"time":"2025-03-16 23:31:56","pid":false,"msg":"POST /api/sign-in {\"email\":\"mert@mail.com\",\"password\":\"Aa123456\"}"}
{"level":30,"time":"2025-03-16 23:31:56","pid":false,"msg":"GET /api/get-workspaces {}"}
{"level":30,"time":"2025-03-16 23:31:58","pid":false,"msg":"GET /api/get-workspaces {}"}
{"level":30,"time":"2025-03-16 23:35:23","pid":false,"msg":"POST /api/sign-in {\"email\":\"mert@mail.com\",\"password\":\"Aa123456\"}"}
{"level":30,"time":"2025-03-16 23:35:24","pid":false,"msg":"GET /api/get-workspaces {}"}
{"level":30,"time":"2025-03-16 23:35:25","pid":false,"msg":"GET /api/get-workspaces {}"}
{"level":30,"time":"2025-03-16 23:35:28","pid":false,"msg":"GET /api/get-workspaces {}"}
{"level":30,"time":"2025-03-16 23:35:30","pid":false,"msg":"GET /api/get-workspaces {}"}
{"level":30,"time":"2025-03-16 23:36:19","pid":false,"msg":"POST /api/sign-in {\"email\":\"mert@mail.com\",\"password\":\"Aa123456\"}"}
{"level":30,"time":"2025-03-16 23:36:19","pid":false,"msg":"GET /api/get-workspaces {}"}
{"level":30,"time":"2025-03-16 23:36:21","pid":false,"msg":"GET /api/get-workspaces {}"}
{"level":30,"time":"2025-03-16 23:36:48","pid":false,"msg":"POST /api/sign-in {\"email\":\"mert@mail.com\",\"password\":\"Aa123456\"}"}
{"level":30,"time":"2025-03-16 23:36:48","pid":false,"msg":"GET /api/get-workspaces {}"}
{"level":30,"time":"2025-03-16 23:36:50","pid":false,"msg":"GET /api/get-workspaces {}"}
{"level":30,"time":"2025-03-16 23:40:34","pid":false,"msg":"POST /api/sign-in {\"email\":\"mert@mail.com\",\"password\":\"Aa123456\"}"}
{"level":30,"time":"2025-03-16 23:40:36","pid":false,"msg":"GET /api/get-workspaces {}"}
{"level":30,"time":"2025-03-16 23:40:38","pid":false,"msg":"GET /api/get-workspaces {}"}
{"level":30,"time":"2025-03-16 23:40:47","pid":false,"msg":"POST /api/sign-in {\"email\":\"mert@mail.com\",\"password\":\"Aa123456\"}"}
{"level":30,"time":"2025-03-16 23:40:47","pid":false,"msg":"GET /api/get-workspaces {}"}
{"level":30,"time":"2025-03-16 23:40:49","pid":false,"msg":"GET /api/get-workspaces {}"}
{"level":30,"time":"2025-03-16 23:41:38","pid":false,"msg":"POST /api/sign-in {\"email\":\"mert@mail.com\",\"password\":\"Aa123456\"}"}
{"level":30,"time":"2025-03-16 23:41:39","pid":false,"msg":"GET /api/get-workspaces {}"}
{"level":30,"time":"2025-03-16 23:41:43","pid":false,"msg":"GET /api/get-workspaces {}"}
{"level":30,"time":"2025-03-16 23:41:46","pid":false,"msg":"POST /api/sign-out {}"}
{"level":50,"time":"2025-03-16 23:41:46","pid":false,"msg":"Unauthorized"}
{"level":30,"time":"2025-03-16 23:42:25","pid":false,"msg":"POST /api/sign-out {}"}
{"level":30,"time":"2025-03-16 23:42:32","pid":false,"msg":"GET /api/get-workspaces {}"}
{"level":30,"time":"2025-03-16 23:42:34","pid":false,"msg":"POST /api/sign-out {}"}
{"level":30,"time":"2025-03-16 23:43:46","pid":false,"msg":"Connected to MongoDB"}
{"level":30,"time":"2025-03-16 23:43:46","pid":false,"msg":"Server is listening on port 5001"}
{"level":30,"time":"2025-03-16 23:43:49","pid":false,"msg":"POST /api/sign-out {}"}
{"level":30,"time":"2025-03-16 23:43:56","pid":false,"msg":"GET /api/get-workspaces {}"}
{"level":30,"time":"2025-03-16 23:43:59","pid":false,"msg":"POST /api/sign-out {}"}
{"level":30,"time":"2025-03-16 23:44:07","pid":false,"msg":"Connected to MongoDB"}
{"level":30,"time":"2025-03-16 23:44:07","pid":false,"msg":"Server is listening on port 5001"}
{"level":30,"time":"2025-03-16 23:46:34","pid":false,"msg":"Connected to MongoDB"}
{"level":30,"time":"2025-03-16 23:46:34","pid":false,"msg":"Server is listening on port 5001"}
{"level":30,"time":"2025-03-16 23:46:35","pid":false,"msg":"GET /api/get-workspaces {}"}
{"level":30,"time":"2025-03-16 23:46:40","pid":false,"msg":"GET /api/get-workspaces {}"}
{"level":30,"time":"2025-03-16 23:46:48","pid":false,"msg":"Connected to MongoDB"}
{"level":30,"time":"2025-03-16 23:46:48","pid":false,"msg":"Server is listening on port 5001"}
{"level":30,"time":"2025-03-16 23:47:39","pid":false,"msg":"POST /api/sign-out {}"}
{"level":30,"time":"2025-03-16 23:47:57","pid":false,"msg":"POST /api/sign-out {}"}
{"level":30,"time":"2025-03-16 23:48:31","pid":false,"msg":"POST /api/sign-in {\"email\":\"mert@mail.com\",\"password\":\"Aa123456\"}"}
{"level":30,"time":"2025-03-16 23:48:31","pid":false,"msg":"GET /api/get-workspaces {}"}
{"level":30,"time":"2025-03-16 23:48:33","pid":false,"msg":"GET /api/get-workspaces {}"}
{"level":30,"time":"2025-03-16 23:49:27","pid":false,"msg":"POST /api/sign-out {}"}
{"level":30,"time":"2025-03-16 23:49:39","pid":false,"msg":"POST /api/sign-in {\"email\":\"mert@mail.com\",\"password\":\"Aa123456\"}"}
{"level":30,"time":"2025-03-16 23:49:39","pid":false,"msg":"GET /api/get-workspaces {}"}
{"level":30,"time":"2025-03-16 23:49:40","pid":false,"msg":"GET /api/get-workspaces {}"}
{"level":30,"time":"2025-03-16 23:49:42","pid":false,"msg":"POST /api/sign-out {}"}
{"level":30,"time":"2025-03-16 23:51:01","pid":false,"msg":"POST /api/sign-in {\"email\":\"mert@mail.com\",\"password\":\"Aa123456\"}"}
{"level":30,"time":"2025-03-16 23:51:07","pid":false,"msg":"GET /api/get-workspaces {}"}
{"level":30,"time":"2025-03-16 23:51:43","pid":false,"msg":"GET /api/get-workspaces {}"}
{"level":30,"time":"2025-03-16 23:51:46","pid":false,"msg":"POST /api/sign-out {}"}
{"level":30,"time":"2025-03-16 23:54:59","pid":false,"msg":"POST /api/sign-in {\"email\":\"mert@mail.com\",\"password\":\"Aa123456\"}"}
{"level":30,"time":"2025-03-16 23:55:00","pid":false,"msg":"GET /api/get-workspaces {}"}
{"level":30,"time":"2025-03-16 23:55:02","pid":false,"msg":"GET /api/get-workspaces {}"}
{"level":30,"time":"2025-03-16 23:57:55","pid":false,"msg":"POST /api/sign-in {\"email\":\"mert@mail.com\",\"password\":\"Aa123456\"}"}
{"level":30,"time":"2025-03-16 23:57:56","pid":false,"msg":"GET /api/get-workspaces {}"}
{"level":30,"time":"2025-03-16 23:57:58","pid":false,"msg":"GET /api/get-workspaces {}"}
{"level":30,"time":"2025-03-16 23:59:53","pid":false,"msg":"POST /api/sign-in {\"email\":\"mert@mail.com\",\"password\":\"Aa123456\"}"}
{"level":30,"time":"2025-03-16 23:59:55","pid":false,"msg":"GET /api/get-workspaces {}"}
{"level":30,"time":"2025-03-16 23:59:56","pid":false,"msg":"GET /api/get-workspaces {}"}
{"level":30,"time":"2025-03-17 00:00:39","pid":false,"msg":"POST /api/sign-in {\"email\":\"mert@mail.com\",\"password\":\"Aa123456\"}"}
{"level":30,"time":"2025-03-17 00:00:39","pid":false,"msg":"GET /api/get-workspaces {}"}
{"level":30,"time":"2025-03-17 00:00:41","pid":false,"msg":"GET /api/get-workspaces {}"}
{"level":30,"time":"2025-03-17 00:01:52","pid":false,"msg":"POST /api/sign-in {\"email\":\"mert@mail.com\",\"password\":\"Aa123456\"}"}
{"level":30,"time":"2025-03-17 00:01:53","pid":false,"msg":"GET /api/get-workspaces {}"}
{"level":30,"time":"2025-03-17 00:01:54","pid":false,"msg":"GET /api/get-workspaces {}"}
{"level":30,"time":"2025-03-17 00:02:13","pid":false,"msg":"POST /api/sign-in {\"email\":\"mert@mail.com\",\"password\":\"Aa123456\"}"}
{"level":30,"time":"2025-03-17 00:02:13","pid":false,"msg":"GET /api/get-workspaces {}"}
{"level":30,"time":"2025-03-17 00:02:16","pid":false,"msg":"GET /api/get-workspaces {}"}
{"level":30,"time":"2025-03-17 00:06:17","pid":false,"msg":"POST /api/sign-in {\"email\":\"mert@mail.com\",\"password\":\"Aa123456\"}"}
{"level":30,"time":"2025-03-17 00:06:18","pid":false,"msg":"GET /api/get-workspaces {}"}
{"level":30,"time":"2025-03-17 00:06:20","pid":false,"msg":"GET /api/get-workspaces {}"}
{"level":30,"time":"2025-03-17 00:06:56","pid":false,"msg":"POST /api/callback {\"email\":\"mert.izgahi.93@gmail.com\",\"firstName\":\"Mert\",\"lastName\":\"izgahi\",\"imageUrl\":\"https://lh3.googleusercontent.com/a/ACg8ocKSXv01f9cDF5GG_i_BzWKHFhwtR7IRzlyfpm8GY_wVY_P4t0c=s96-c\",\"provider\":\"google\"}"}
{"level":30,"time":"2025-03-17 00:06:57","pid":false,"msg":"GET /api/get-workspaces {}"}
{"level":30,"time":"2025-03-17 00:06:58","pid":false,"msg":"GET /api/get-workspaces {}"}
{"level":30,"time":"2025-03-17 00:07:15","pid":false,"msg":"POST /api/sign-in {\"email\":\"mert@mail.com\",\"password\":\"Aa123456\"}"}
{"level":30,"time":"2025-03-17 00:07:15","pid":false,"msg":"GET /api/get-workspaces {}"}
{"level":30,"time":"2025-03-17 00:07:17","pid":false,"msg":"GET /api/get-workspaces {}"}
{"level":30,"time":"2025-03-17 00:08:19","pid":false,"msg":"GET /api/get-workspaces {}"}
